
RAxML-NG v. 0.8.0 BETA released on 11.01.2019 by The Exelixis Lab.
Authors: Alexey Kozlov, Alexandros Stamatakis, Diego Darriba, Tomas Flouri, Benoit Morel.
Latest version: https://github.com/amkozlov/raxml-ng
Questions/problems/suggestions? Please visit: https://groups.google.com/forum/#!forum/raxml

WARNING: This is a BETA release, please use at your own risk!

RAxML-NG was called at 12-Mar-2019 20:01:31 as follows:

/home/dpsaroud/bin/raxml-ng --all --msa ../alignment.phy --model GTR+G --seed 12 --threads 16 --bs-metric fbp --bs-trees 1000

Analysis options:
  run mode: ML tree search + bootstrapping (Felsenstein Bootstrap)
  start tree(s): random (10) + parsimony (10)
  bootstrap replicates: 1000
  random seed: 12
  tip-inner: OFF
  pattern compression: ON
  per-rate scalers: OFF
  site repeats: ON
  branch lengths: proportional (ML estimate, algorithm: NR-FAST)
  SIMD kernels: AVX
  parallelization: PTHREADS (16 threads), thread pinning: OFF

[00:00:00] Reading alignment from file: ../alignment.phy
[00:00:00] Loaded alignment with 20 taxa and 4482 sites

Alignment comprises 1 partitions and 2114 patterns

Partition 0: noname
Model: GTR+FO+G4m
Alignment sites / patterns: 4482 / 2114
Gaps: 6.81 %
Invariant sites: 1.18 %


NOTE: Binary MSA file created: ../alignment.phy.raxml.rba


WARNING: You might be using too many threads (16) for your alignment with 2114 unique patterns.
NOTE:    For the optimal throughput, please consider using fewer threads 
NOTE:    and parallelize across starting trees/bootstrap replicates.
NOTE:    As a general rule-of-thumb, please assign at least 200-1000 alignment patterns per thread.

[00:00:00] Generating 10 random starting tree(s) with 20 taxa
[00:00:00] Generating 10 parsimony starting tree(s) with 20 taxa
[00:00:03] Data distribution: max. partitions/sites/weight per thread: 1 / 133 / 2128

Starting ML tree search with 20 distinct starting trees

[00:00:36] ML tree search #1, logLikelihood: -45374.202736
[00:01:07] ML tree search #2, logLikelihood: -45374.178906
[00:01:38] ML tree search #3, logLikelihood: -45374.250260
[00:02:11] ML tree search #4, logLikelihood: -45374.202829
[00:02:43] ML tree search #5, logLikelihood: -45374.197386
[00:03:16] ML tree search #6, logLikelihood: -45374.226432
[00:03:24] ML tree search #7, logLikelihood: -45374.232580
[00:03:31] ML tree search #8, logLikelihood: -45373.642821
[00:03:38] ML tree search #9, logLikelihood: -45374.253165
[00:03:46] ML tree search #10, logLikelihood: -45374.227981
[00:03:52] ML tree search #11, logLikelihood: -45374.277630
[00:03:57] ML tree search #12, logLikelihood: -45373.638074
[00:04:04] ML tree search #13, logLikelihood: -45374.219019
[00:04:11] ML tree search #14, logLikelihood: -45374.198764
[00:04:19] ML tree search #15, logLikelihood: -45374.271427
[00:04:27] ML tree search #16, logLikelihood: -45374.231128
[00:04:35] ML tree search #17, logLikelihood: -45374.189687
[00:04:42] ML tree search #18, logLikelihood: -45374.232013
[00:04:47] ML tree search #19, logLikelihood: -45374.223110
[00:05:12] ML tree search #20, logLikelihood: -45374.238401

[00:05:12] ML tree search completed, best tree logLH: -45373.638074

[00:05:12] Starting bootstrapping analysis with 1000 replicates.

[00:05:42] Bootstrap tree #1, logLikelihood: -44617.381178
[00:05:59] Bootstrap tree #2, logLikelihood: -44841.922069
[00:06:16] Bootstrap tree #3, logLikelihood: -45479.159308
[00:06:54] Bootstrap tree #4, logLikelihood: -44965.145745
[00:07:28] Bootstrap tree #5, logLikelihood: -46399.256778
[00:07:59] Bootstrap tree #6, logLikelihood: -45980.702240
[00:08:34] Bootstrap tree #7, logLikelihood: -44770.381944
[00:09:04] Bootstrap tree #8, logLikelihood: -45533.632413
[00:09:33] Bootstrap tree #9, logLikelihood: -45348.682028
[00:10:22] Bootstrap tree #10, logLikelihood: -45976.997815
[00:10:57] Bootstrap tree #11, logLikelihood: -46239.080851
[00:11:26] Bootstrap tree #12, logLikelihood: -44110.594679
[00:12:03] Bootstrap tree #13, logLikelihood: -45545.129844
[00:12:35] Bootstrap tree #14, logLikelihood: -44971.008591
[00:13:20] Bootstrap tree #15, logLikelihood: -45417.460767
[00:13:44] Bootstrap tree #16, logLikelihood: -44947.990381
[00:14:14] Bootstrap tree #17, logLikelihood: -45730.574575
[00:14:54] Bootstrap tree #18, logLikelihood: -44869.046309
[00:15:28] Bootstrap tree #19, logLikelihood: -45312.823757
[00:16:34] Bootstrap tree #20, logLikelihood: -46208.964794
[00:17:05] Bootstrap tree #21, logLikelihood: -44085.008909
[00:17:35] Bootstrap tree #22, logLikelihood: -43980.282814
[00:18:12] Bootstrap tree #23, logLikelihood: -45498.472506
[00:18:38] Bootstrap tree #24, logLikelihood: -46142.457053
[00:19:18] Bootstrap tree #25, logLikelihood: -45870.977771
[00:19:33] Bootstrap tree #26, logLikelihood: -45073.882580
[00:19:51] Bootstrap tree #27, logLikelihood: -45624.583194
[00:20:28] Bootstrap tree #28, logLikelihood: -45458.308832
[00:21:05] Bootstrap tree #29, logLikelihood: -46205.984948
[00:21:31] Bootstrap tree #30, logLikelihood: -44907.360011
[00:21:55] Bootstrap tree #31, logLikelihood: -44810.348483
[00:22:19] Bootstrap tree #32, logLikelihood: -44981.699446
[00:22:47] Bootstrap tree #33, logLikelihood: -44532.139518
[00:23:05] Bootstrap tree #34, logLikelihood: -45884.637653
[00:23:29] Bootstrap tree #35, logLikelihood: -45789.633472
[00:24:03] Bootstrap tree #36, logLikelihood: -45317.824240
[00:24:38] Bootstrap tree #37, logLikelihood: -45554.666711
[00:25:07] Bootstrap tree #38, logLikelihood: -45502.066196
[00:25:33] Bootstrap tree #39, logLikelihood: -45635.924510
[00:26:05] Bootstrap tree #40, logLikelihood: -45297.170939
[00:26:41] Bootstrap tree #41, logLikelihood: -44570.009458
[00:27:12] Bootstrap tree #42, logLikelihood: -45021.027794
[00:27:46] Bootstrap tree #43, logLikelihood: -47030.019628
[00:28:14] Bootstrap tree #44, logLikelihood: -45321.715184
[00:28:51] Bootstrap tree #45, logLikelihood: -44619.161203
[00:29:29] Bootstrap tree #46, logLikelihood: -44995.593977
[00:29:57] Bootstrap tree #47, logLikelihood: -44281.584902
[00:30:35] Bootstrap tree #48, logLikelihood: -44967.456438
[00:31:09] Bootstrap tree #49, logLikelihood: -45571.527773
[00:31:27] Bootstrap tree #50, logLikelihood: -45556.210158
[00:32:08] Bootstrap tree #51, logLikelihood: -46107.575888
[00:32:30] Bootstrap tree #52, logLikelihood: -45789.513138
[00:32:58] Bootstrap tree #53, logLikelihood: -44427.223036
[00:33:30] Bootstrap tree #54, logLikelihood: -45905.591236
[00:33:52] Bootstrap tree #55, logLikelihood: -45652.511957
[00:34:27] Bootstrap tree #56, logLikelihood: -45916.580569
[00:34:53] Bootstrap tree #57, logLikelihood: -46158.903225
[00:34:59] Bootstrap tree #58, logLikelihood: -45022.375037
[00:35:04] Bootstrap tree #59, logLikelihood: -45287.641373
[00:35:10] Bootstrap tree #60, logLikelihood: -43973.835534
[00:35:17] Bootstrap tree #61, logLikelihood: -44146.584158
[00:35:22] Bootstrap tree #62, logLikelihood: -46288.464640
[00:35:29] Bootstrap tree #63, logLikelihood: -44761.885275
[00:35:34] Bootstrap tree #64, logLikelihood: -46181.373332
[00:35:42] Bootstrap tree #65, logLikelihood: -46175.429271
[00:35:47] Bootstrap tree #66, logLikelihood: -44253.790849
[00:35:52] Bootstrap tree #67, logLikelihood: -45381.469314
[00:35:57] Bootstrap tree #68, logLikelihood: -44808.528980
[00:36:02] Bootstrap tree #69, logLikelihood: -45046.490215
[00:36:07] Bootstrap tree #70, logLikelihood: -45114.091348
[00:36:12] Bootstrap tree #71, logLikelihood: -45489.430624
[00:36:17] Bootstrap tree #72, logLikelihood: -45857.912588
[00:36:23] Bootstrap tree #73, logLikelihood: -45635.164742
[00:36:30] Bootstrap tree #74, logLikelihood: -45380.324767
[00:36:38] Bootstrap tree #75, logLikelihood: -45660.735166
[00:36:47] Bootstrap tree #76, logLikelihood: -45914.370331
[00:36:52] Bootstrap tree #77, logLikelihood: -45308.351313
[00:37:00] Bootstrap tree #78, logLikelihood: -44879.052272
[00:37:08] Bootstrap tree #79, logLikelihood: -44524.038627
[00:37:14] Bootstrap tree #80, logLikelihood: -45131.352880
[00:37:36] Bootstrap tree #81, logLikelihood: -45940.622431
[00:38:08] Bootstrap tree #82, logLikelihood: -46102.679632
[00:38:37] Bootstrap tree #83, logLikelihood: -44719.824277
[00:39:12] Bootstrap tree #84, logLikelihood: -46121.662775
[00:39:50] Bootstrap tree #85, logLikelihood: -45315.296224
[00:40:16] Bootstrap tree #86, logLikelihood: -45520.614123
[00:41:09] Bootstrap tree #87, logLikelihood: -44161.909525
[00:41:42] Bootstrap tree #88, logLikelihood: -45100.601732
[00:42:21] Bootstrap tree #89, logLikelihood: -45116.742961
[00:42:46] Bootstrap tree #90, logLikelihood: -44991.432430
[00:43:23] Bootstrap tree #91, logLikelihood: -44917.405673
[00:43:58] Bootstrap tree #92, logLikelihood: -46348.630460
[00:44:34] Bootstrap tree #93, logLikelihood: -45730.183980
[00:45:18] Bootstrap tree #94, logLikelihood: -45291.002237
[00:45:57] Bootstrap tree #95, logLikelihood: -44837.503274
[00:46:48] Bootstrap tree #96, logLikelihood: -44716.672828
[00:47:22] Bootstrap tree #97, logLikelihood: -44999.247263
[00:47:45] Bootstrap tree #98, logLikelihood: -45792.308233
[00:48:17] Bootstrap tree #99, logLikelihood: -45518.973532
[00:48:48] Bootstrap tree #100, logLikelihood: -44560.835801
[00:48:55] Bootstrap tree #101, logLikelihood: -45057.404097
[00:49:01] Bootstrap tree #102, logLikelihood: -45653.298504
[00:49:09] Bootstrap tree #103, logLikelihood: -44398.164173
[00:49:15] Bootstrap tree #104, logLikelihood: -45330.493535
[00:49:21] Bootstrap tree #105, logLikelihood: -46018.443833
[00:49:27] Bootstrap tree #106, logLikelihood: -44892.413166
[00:49:31] Bootstrap tree #107, logLikelihood: -45371.748537
[00:49:36] Bootstrap tree #108, logLikelihood: -44981.421209
[00:49:42] Bootstrap tree #109, logLikelihood: -44833.455079
[00:50:00] Bootstrap tree #110, logLikelihood: -45525.500773
[00:50:36] Bootstrap tree #111, logLikelihood: -44983.735489
[00:51:02] Bootstrap tree #112, logLikelihood: -46019.999651
[00:51:28] Bootstrap tree #113, logLikelihood: -45132.631412
[00:51:45] Bootstrap tree #114, logLikelihood: -45561.448120
[00:52:13] Bootstrap tree #115, logLikelihood: -45694.565757
[00:52:51] Bootstrap tree #116, logLikelihood: -46225.201722
[00:53:13] Bootstrap tree #117, logLikelihood: -45571.245385
[00:53:46] Bootstrap tree #118, logLikelihood: -45587.301853
[00:54:09] Bootstrap tree #119, logLikelihood: -46213.578230
[00:54:49] Bootstrap tree #120, logLikelihood: -45172.962018
[00:55:03] Bootstrap tree #121, logLikelihood: -46418.911379
[00:55:39] Bootstrap tree #122, logLikelihood: -44183.529257
[00:56:19] Bootstrap tree #123, logLikelihood: -43883.289400
[00:56:52] Bootstrap tree #124, logLikelihood: -45048.232692
[00:57:29] Bootstrap tree #125, logLikelihood: -45112.832671
[00:58:05] Bootstrap tree #126, logLikelihood: -46551.257234
[00:58:46] Bootstrap tree #127, logLikelihood: -46590.305280
[00:59:13] Bootstrap tree #128, logLikelihood: -46203.371161
[00:59:39] Bootstrap tree #129, logLikelihood: -44452.061553
[01:00:19] Bootstrap tree #130, logLikelihood: -45140.962073
[01:00:53] Bootstrap tree #131, logLikelihood: -45086.897286
[01:01:11] Bootstrap tree #132, logLikelihood: -45766.121875
[01:01:35] Bootstrap tree #133, logLikelihood: -44720.496257
[01:02:13] Bootstrap tree #134, logLikelihood: -44523.290113
[01:02:42] Bootstrap tree #135, logLikelihood: -45732.940623
[01:02:52] Bootstrap tree #136, logLikelihood: -45180.988233
[01:02:59] Bootstrap tree #137, logLikelihood: -46133.819976
[01:03:04] Bootstrap tree #138, logLikelihood: -46239.231002
[01:03:10] Bootstrap tree #139, logLikelihood: -44859.283366
[01:03:18] Bootstrap tree #140, logLikelihood: -45579.215826
[01:03:59] Bootstrap tree #141, logLikelihood: -45457.377484
[01:04:54] Bootstrap tree #142, logLikelihood: -44706.745685
[01:05:31] Bootstrap tree #143, logLikelihood: -45400.820684
[01:06:05] Bootstrap tree #144, logLikelihood: -44871.146681
[01:06:35] Bootstrap tree #145, logLikelihood: -44833.381193
[01:06:58] Bootstrap tree #146, logLikelihood: -45957.843532
[01:07:36] Bootstrap tree #147, logLikelihood: -45110.423022
[01:08:08] Bootstrap tree #148, logLikelihood: -45579.952591
[01:08:28] Bootstrap tree #149, logLikelihood: -45174.462712
[01:08:59] Bootstrap tree #150, logLikelihood: -44773.496700
[01:09:19] Bootstrap tree #151, logLikelihood: -45795.435457
[01:09:50] Bootstrap tree #152, logLikelihood: -45273.156636
[01:10:22] Bootstrap tree #153, logLikelihood: -45499.969202
[01:10:51] Bootstrap tree #154, logLikelihood: -44738.284913
[01:11:09] Bootstrap tree #155, logLikelihood: -45466.687193
[01:11:49] Bootstrap tree #156, logLikelihood: -45741.398377
[01:12:16] Bootstrap tree #157, logLikelihood: -45467.592321
[01:12:51] Bootstrap tree #158, logLikelihood: -45479.318380
[01:13:18] Bootstrap tree #159, logLikelihood: -45489.246102
[01:13:48] Bootstrap tree #160, logLikelihood: -45168.941530
[01:14:13] Bootstrap tree #161, logLikelihood: -44505.444471
[01:14:41] Bootstrap tree #162, logLikelihood: -45043.289125
[01:15:08] Bootstrap tree #163, logLikelihood: -45291.089649
[01:15:44] Bootstrap tree #164, logLikelihood: -45453.807833
[01:16:37] Bootstrap tree #165, logLikelihood: -45164.295073
[01:17:22] Bootstrap tree #166, logLikelihood: -46452.712396
[01:17:47] Bootstrap tree #167, logLikelihood: -45435.489451
[01:18:22] Bootstrap tree #168, logLikelihood: -45970.532324
[01:19:02] Bootstrap tree #169, logLikelihood: -45621.232586
[01:19:32] Bootstrap tree #170, logLikelihood: -44164.223228
[01:19:58] Bootstrap tree #171, logLikelihood: -45994.300361
[01:20:19] Bootstrap tree #172, logLikelihood: -45212.214659
[01:20:49] Bootstrap tree #173, logLikelihood: -45577.142574
[01:21:17] Bootstrap tree #174, logLikelihood: -45247.136288
[01:21:44] Bootstrap tree #175, logLikelihood: -45679.945193
[01:22:12] Bootstrap tree #176, logLikelihood: -46504.232186
[01:22:30] Bootstrap tree #177, logLikelihood: -44792.293118
[01:22:53] Bootstrap tree #178, logLikelihood: -46418.248265
[01:23:21] Bootstrap tree #179, logLikelihood: -45471.944072
[01:23:50] Bootstrap tree #180, logLikelihood: -45729.030456
[01:24:15] Bootstrap tree #181, logLikelihood: -45121.139469
[01:24:35] Bootstrap tree #182, logLikelihood: -43876.586430
[01:24:43] Bootstrap tree #183, logLikelihood: -43823.209371
[01:24:49] Bootstrap tree #184, logLikelihood: -45742.412159
[01:24:55] Bootstrap tree #185, logLikelihood: -45177.939331
[01:25:01] Bootstrap tree #186, logLikelihood: -46175.700283
[01:25:10] Bootstrap tree #187, logLikelihood: -45441.454466
[01:25:17] Bootstrap tree #188, logLikelihood: -44424.807817
[01:26:01] Bootstrap tree #189, logLikelihood: -45099.361436
[01:26:32] Bootstrap tree #190, logLikelihood: -45388.139496
[01:27:17] Bootstrap tree #191, logLikelihood: -44710.082439
[01:27:49] Bootstrap tree #192, logLikelihood: -44530.872385
[01:28:12] Bootstrap tree #193, logLikelihood: -45542.806745
[01:28:49] Bootstrap tree #194, logLikelihood: -46021.627500
[01:29:11] Bootstrap tree #195, logLikelihood: -45839.308086
[01:29:25] Bootstrap tree #196, logLikelihood: -44936.937249
[01:29:47] Bootstrap tree #197, logLikelihood: -44606.995918
[01:30:12] Bootstrap tree #198, logLikelihood: -45892.484958
[01:30:42] Bootstrap tree #199, logLikelihood: -45112.771581
[01:31:25] Bootstrap tree #200, logLikelihood: -46329.723814
[01:31:47] Bootstrap tree #201, logLikelihood: -43771.139765
[01:32:22] Bootstrap tree #202, logLikelihood: -45012.458372
[01:32:44] Bootstrap tree #203, logLikelihood: -45321.037365
[01:33:14] Bootstrap tree #204, logLikelihood: -46185.163255
[01:33:26] Bootstrap tree #205, logLikelihood: -45555.996206
[01:34:02] Bootstrap tree #206, logLikelihood: -44053.244207
[01:34:47] Bootstrap tree #207, logLikelihood: -45507.897412
[01:35:23] Bootstrap tree #208, logLikelihood: -45959.272267
[01:36:03] Bootstrap tree #209, logLikelihood: -44708.398341
[01:36:31] Bootstrap tree #210, logLikelihood: -45313.345704
[01:36:58] Bootstrap tree #211, logLikelihood: -46004.148094
[01:37:22] Bootstrap tree #212, logLikelihood: -46403.347450
[01:37:52] Bootstrap tree #213, logLikelihood: -44277.272084
[01:38:12] Bootstrap tree #214, logLikelihood: -46466.503799
[01:38:45] Bootstrap tree #215, logLikelihood: -44843.727892
[01:38:56] Bootstrap tree #216, logLikelihood: -45608.089822
[01:39:24] Bootstrap tree #217, logLikelihood: -46083.274183
[01:39:41] Bootstrap tree #218, logLikelihood: -45364.067544
[01:40:02] Bootstrap tree #219, logLikelihood: -44499.051307
[01:40:44] Bootstrap tree #220, logLikelihood: -44871.107022
[01:41:08] Bootstrap tree #221, logLikelihood: -44873.110238
[01:41:23] Bootstrap tree #222, logLikelihood: -45887.760733
[01:41:57] Bootstrap tree #223, logLikelihood: -44808.933495
[01:42:20] Bootstrap tree #224, logLikelihood: -44917.282147
[01:42:56] Bootstrap tree #225, logLikelihood: -44471.388007
[01:43:14] Bootstrap tree #226, logLikelihood: -45764.777392
[01:43:37] Bootstrap tree #227, logLikelihood: -45193.779525
[01:43:58] Bootstrap tree #228, logLikelihood: -45260.143203
[01:44:30] Bootstrap tree #229, logLikelihood: -45623.735833
[01:44:56] Bootstrap tree #230, logLikelihood: -44970.781105
[01:45:34] Bootstrap tree #231, logLikelihood: -46697.680115
[01:46:22] Bootstrap tree #232, logLikelihood: -45895.655673
[01:46:30] Bootstrap tree #233, logLikelihood: -45763.844820
[01:47:01] Bootstrap tree #234, logLikelihood: -45547.469983
[01:47:28] Bootstrap tree #235, logLikelihood: -45515.897357
[01:48:02] Bootstrap tree #236, logLikelihood: -45528.086833
[01:48:31] Bootstrap tree #237, logLikelihood: -45005.100799
[01:48:55] Bootstrap tree #238, logLikelihood: -45133.203552
[01:49:25] Bootstrap tree #239, logLikelihood: -45916.344264
[01:50:03] Bootstrap tree #240, logLikelihood: -46388.671699
[01:50:26] Bootstrap tree #241, logLikelihood: -44771.360485
[01:50:55] Bootstrap tree #242, logLikelihood: -44608.068520
[01:51:27] Bootstrap tree #243, logLikelihood: -45539.804465
[01:51:51] Bootstrap tree #244, logLikelihood: -45451.138187
[01:52:13] Bootstrap tree #245, logLikelihood: -46090.661746
[01:52:38] Bootstrap tree #246, logLikelihood: -44376.980199
[01:53:11] Bootstrap tree #247, logLikelihood: -45987.332797
[01:53:36] Bootstrap tree #248, logLikelihood: -45409.752075
[01:54:03] Bootstrap tree #249, logLikelihood: -45730.025695
[01:54:33] Bootstrap tree #250, logLikelihood: -45553.548264
[01:55:05] Bootstrap tree #251, logLikelihood: -45413.204133
[01:55:35] Bootstrap tree #252, logLikelihood: -44317.504407
[01:56:11] Bootstrap tree #253, logLikelihood: -44392.040671
[01:56:54] Bootstrap tree #254, logLikelihood: -44639.887440
[01:57:15] Bootstrap tree #255, logLikelihood: -45953.420768
[01:57:40] Bootstrap tree #256, logLikelihood: -45290.899706
[01:58:09] Bootstrap tree #257, logLikelihood: -45273.537781
[01:58:46] Bootstrap tree #258, logLikelihood: -46139.878876
[01:59:06] Bootstrap tree #259, logLikelihood: -44955.142445
[01:59:19] Bootstrap tree #260, logLikelihood: -45178.733169
[01:59:26] Bootstrap tree #261, logLikelihood: -45700.075732
[01:59:32] Bootstrap tree #262, logLikelihood: -45403.319783
[01:59:39] Bootstrap tree #263, logLikelihood: -46083.691133
[01:59:46] Bootstrap tree #264, logLikelihood: -45368.811692
[01:59:52] Bootstrap tree #265, logLikelihood: -44976.873336
[01:59:57] Bootstrap tree #266, logLikelihood: -45233.299033
[02:00:03] Bootstrap tree #267, logLikelihood: -44563.333357
[02:00:08] Bootstrap tree #268, logLikelihood: -45261.570270
[02:00:17] Bootstrap tree #269, logLikelihood: -45653.770035
[02:00:34] Bootstrap tree #270, logLikelihood: -46807.735609
[02:01:15] Bootstrap tree #271, logLikelihood: -45589.770630
[02:01:48] Bootstrap tree #272, logLikelihood: -46195.719443
[02:02:21] Bootstrap tree #273, logLikelihood: -45841.503122
[02:02:55] Bootstrap tree #274, logLikelihood: -45266.379719
[02:03:30] Bootstrap tree #275, logLikelihood: -46731.288015
[02:03:42] Bootstrap tree #276, logLikelihood: -45445.655319
[02:03:48] Bootstrap tree #277, logLikelihood: -44406.812321
[02:03:53] Bootstrap tree #278, logLikelihood: -45359.464349
[02:04:00] Bootstrap tree #279, logLikelihood: -46129.893248
[02:04:04] Bootstrap tree #280, logLikelihood: -45643.670677
[02:04:12] Bootstrap tree #281, logLikelihood: -45618.287731
[02:04:23] Bootstrap tree #282, logLikelihood: -45322.098578
[02:04:31] Bootstrap tree #283, logLikelihood: -45781.180398
[02:04:47] Bootstrap tree #284, logLikelihood: -45462.100065
[02:05:16] Bootstrap tree #285, logLikelihood: -46184.551650
[02:05:46] Bootstrap tree #286, logLikelihood: -45554.460960
[02:06:23] Bootstrap tree #287, logLikelihood: -46051.930690
[02:06:53] Bootstrap tree #288, logLikelihood: -45658.210554
[02:07:27] Bootstrap tree #289, logLikelihood: -46011.553446
[02:08:02] Bootstrap tree #290, logLikelihood: -45116.954021
[02:08:43] Bootstrap tree #291, logLikelihood: -44994.256021
[02:09:11] Bootstrap tree #292, logLikelihood: -45236.304332
[02:09:52] Bootstrap tree #293, logLikelihood: -45503.389128
[02:10:33] Bootstrap tree #294, logLikelihood: -44240.137184
[02:11:16] Bootstrap tree #295, logLikelihood: -45966.836617
[02:11:54] Bootstrap tree #296, logLikelihood: -45009.583404
[02:12:29] Bootstrap tree #297, logLikelihood: -45054.722125
[02:12:59] Bootstrap tree #298, logLikelihood: -44629.930508
[02:13:15] Bootstrap tree #299, logLikelihood: -46073.507458
[02:13:43] Bootstrap tree #300, logLikelihood: -45467.092671
[02:14:06] Bootstrap tree #301, logLikelihood: -45350.165162
[02:14:36] Bootstrap tree #302, logLikelihood: -44493.757712
[02:15:07] Bootstrap tree #303, logLikelihood: -45306.675217
[02:15:23] Bootstrap tree #304, logLikelihood: -45232.027414
[02:15:37] Bootstrap tree #305, logLikelihood: -44905.502931
[02:16:26] Bootstrap tree #306, logLikelihood: -45395.481944
[02:16:54] Bootstrap tree #307, logLikelihood: -45249.434094
[02:17:13] Bootstrap tree #308, logLikelihood: -44995.766785
[02:17:44] Bootstrap tree #309, logLikelihood: -45493.127899
[02:18:19] Bootstrap tree #310, logLikelihood: -45956.990172
[02:18:55] Bootstrap tree #311, logLikelihood: -45995.981296
[02:19:25] Bootstrap tree #312, logLikelihood: -46484.928575
[02:19:59] Bootstrap tree #313, logLikelihood: -45682.305087
[02:20:30] Bootstrap tree #314, logLikelihood: -45191.388023
[02:21:01] Bootstrap tree #315, logLikelihood: -44798.931603
[02:21:39] Bootstrap tree #316, logLikelihood: -44647.140318
[02:22:16] Bootstrap tree #317, logLikelihood: -46351.121208
[02:23:01] Bootstrap tree #318, logLikelihood: -44749.952857
[02:23:29] Bootstrap tree #319, logLikelihood: -46331.779598
[02:23:55] Bootstrap tree #320, logLikelihood: -45200.356327
[02:24:28] Bootstrap tree #321, logLikelihood: -44928.009261
[02:25:14] Bootstrap tree #322, logLikelihood: -44818.636829
[02:25:39] Bootstrap tree #323, logLikelihood: -45681.400879
[02:26:11] Bootstrap tree #324, logLikelihood: -44802.994862
[02:26:42] Bootstrap tree #325, logLikelihood: -46168.519958
[02:27:24] Bootstrap tree #326, logLikelihood: -45601.235070
[02:27:49] Bootstrap tree #327, logLikelihood: -45833.427791
[02:28:02] Bootstrap tree #328, logLikelihood: -44861.736962
[02:28:21] Bootstrap tree #329, logLikelihood: -45083.649661
[02:28:45] Bootstrap tree #330, logLikelihood: -45620.253712
[02:29:24] Bootstrap tree #331, logLikelihood: -45141.971555
[02:29:58] Bootstrap tree #332, logLikelihood: -46083.011869
[02:30:26] Bootstrap tree #333, logLikelihood: -45247.605232
[02:31:04] Bootstrap tree #334, logLikelihood: -46036.045848
[02:31:32] Bootstrap tree #335, logLikelihood: -44373.053821
[02:31:58] Bootstrap tree #336, logLikelihood: -45536.362811
[02:32:20] Bootstrap tree #337, logLikelihood: -45556.658783
[02:32:53] Bootstrap tree #338, logLikelihood: -45936.588096
[02:33:24] Bootstrap tree #339, logLikelihood: -44950.697075
[02:33:58] Bootstrap tree #340, logLikelihood: -45583.742516
[02:34:41] Bootstrap tree #341, logLikelihood: -44977.856471
[02:35:23] Bootstrap tree #342, logLikelihood: -45181.209123
[02:35:40] Bootstrap tree #343, logLikelihood: -45409.092350
[02:36:17] Bootstrap tree #344, logLikelihood: -45110.149678
[02:36:42] Bootstrap tree #345, logLikelihood: -45563.543388
[02:37:09] Bootstrap tree #346, logLikelihood: -45875.484451
[02:37:47] Bootstrap tree #347, logLikelihood: -45624.281837
[02:38:33] Bootstrap tree #348, logLikelihood: -44220.925885
[02:39:05] Bootstrap tree #349, logLikelihood: -45475.194472
[02:39:37] Bootstrap tree #350, logLikelihood: -45508.811310
[02:40:10] Bootstrap tree #351, logLikelihood: -46228.147062
[02:40:37] Bootstrap tree #352, logLikelihood: -45691.157701
[02:41:04] Bootstrap tree #353, logLikelihood: -46396.851421
[02:41:26] Bootstrap tree #354, logLikelihood: -45273.288718
[02:42:02] Bootstrap tree #355, logLikelihood: -44413.068710
[02:42:28] Bootstrap tree #356, logLikelihood: -45918.936767
[02:43:04] Bootstrap tree #357, logLikelihood: -45491.482256
[02:43:36] Bootstrap tree #358, logLikelihood: -47135.157125
[02:44:00] Bootstrap tree #359, logLikelihood: -44934.464307
[02:44:28] Bootstrap tree #360, logLikelihood: -45329.673289
[02:44:54] Bootstrap tree #361, logLikelihood: -45990.077571
[02:45:29] Bootstrap tree #362, logLikelihood: -45730.565788
[02:46:14] Bootstrap tree #363, logLikelihood: -45409.556794
[02:46:37] Bootstrap tree #364, logLikelihood: -45077.246790
[02:47:07] Bootstrap tree #365, logLikelihood: -45833.859655
[02:47:30] Bootstrap tree #366, logLikelihood: -45635.560526
[02:47:47] Bootstrap tree #367, logLikelihood: -44688.146626
[02:48:23] Bootstrap tree #368, logLikelihood: -44350.027865
[02:49:01] Bootstrap tree #369, logLikelihood: -45553.905347
[02:49:16] Bootstrap tree #370, logLikelihood: -44707.180202
[02:49:26] Bootstrap tree #371, logLikelihood: -46860.462847
[02:49:34] Bootstrap tree #372, logLikelihood: -45045.317500
[02:49:40] Bootstrap tree #373, logLikelihood: -44327.391747
[02:49:49] Bootstrap tree #374, logLikelihood: -45462.601422
[02:49:56] Bootstrap tree #375, logLikelihood: -45943.191054
[02:50:21] Bootstrap tree #376, logLikelihood: -44780.242470
[02:50:29] Bootstrap tree #377, logLikelihood: -45383.762485
[02:50:47] Bootstrap tree #378, logLikelihood: -44807.762021
[02:51:07] Bootstrap tree #379, logLikelihood: -44787.466533
[02:51:25] Bootstrap tree #380, logLikelihood: -45235.803000
[02:51:53] Bootstrap tree #381, logLikelihood: -44705.535701
[02:52:08] Bootstrap tree #382, logLikelihood: -45479.527184
[02:52:32] Bootstrap tree #383, logLikelihood: -44682.071458
[02:52:57] Bootstrap tree #384, logLikelihood: -45376.308122
[02:53:31] Bootstrap tree #385, logLikelihood: -44707.708796
[02:53:54] Bootstrap tree #386, logLikelihood: -45345.895860
[02:54:12] Bootstrap tree #387, logLikelihood: -45346.085430
[02:54:29] Bootstrap tree #388, logLikelihood: -45828.299626
[02:54:49] Bootstrap tree #389, logLikelihood: -46204.770954
[02:55:06] Bootstrap tree #390, logLikelihood: -45192.689557
[02:55:22] Bootstrap tree #391, logLikelihood: -44111.454408
[02:55:41] Bootstrap tree #392, logLikelihood: -45161.209271
[02:56:04] Bootstrap tree #393, logLikelihood: -46192.184923
[02:56:30] Bootstrap tree #394, logLikelihood: -44312.473342
[02:56:45] Bootstrap tree #395, logLikelihood: -45176.160460
[02:57:07] Bootstrap tree #396, logLikelihood: -45236.754109
[02:57:37] Bootstrap tree #397, logLikelihood: -44395.876397
[02:57:56] Bootstrap tree #398, logLikelihood: -45997.978307
[02:58:02] Bootstrap tree #399, logLikelihood: -44535.857206
[02:58:10] Bootstrap tree #400, logLikelihood: -45686.411068
[02:58:32] Bootstrap tree #401, logLikelihood: -45508.204849
[02:59:08] Bootstrap tree #402, logLikelihood: -45716.804451
[02:59:40] Bootstrap tree #403, logLikelihood: -44184.780345
[02:59:53] Bootstrap tree #404, logLikelihood: -45571.191346
[03:00:14] Bootstrap tree #405, logLikelihood: -46139.562774
[03:00:35] Bootstrap tree #406, logLikelihood: -45342.898634
[03:01:01] Bootstrap tree #407, logLikelihood: -45721.638837
[03:01:23] Bootstrap tree #408, logLikelihood: -45287.086779
[03:01:44] Bootstrap tree #409, logLikelihood: -44227.626524
[03:02:05] Bootstrap tree #410, logLikelihood: -45001.084148
[03:02:29] Bootstrap tree #411, logLikelihood: -44797.787034
[03:02:50] Bootstrap tree #412, logLikelihood: -44741.088656
[03:03:14] Bootstrap tree #413, logLikelihood: -44351.904251
[03:03:31] Bootstrap tree #414, logLikelihood: -45727.838612
[03:03:50] Bootstrap tree #415, logLikelihood: -44955.067223
[03:04:22] Bootstrap tree #416, logLikelihood: -45314.158692
[03:04:42] Bootstrap tree #417, logLikelihood: -44487.545907
[03:05:09] Bootstrap tree #418, logLikelihood: -45533.617014
[03:05:25] Bootstrap tree #419, logLikelihood: -45264.723503
[03:05:53] Bootstrap tree #420, logLikelihood: -44795.420505
[03:06:17] Bootstrap tree #421, logLikelihood: -45732.846586
[03:06:36] Bootstrap tree #422, logLikelihood: -44699.578967
[03:07:20] Bootstrap tree #423, logLikelihood: -45876.175972
[03:08:03] Bootstrap tree #424, logLikelihood: -45142.332923
[03:08:29] Bootstrap tree #425, logLikelihood: -45328.833515
[03:09:02] Bootstrap tree #426, logLikelihood: -45830.783090
[03:09:31] Bootstrap tree #427, logLikelihood: -45647.591822
[03:09:53] Bootstrap tree #428, logLikelihood: -44580.645349
[03:10:25] Bootstrap tree #429, logLikelihood: -45000.095371
[03:10:56] Bootstrap tree #430, logLikelihood: -45958.929187
[03:11:27] Bootstrap tree #431, logLikelihood: -44873.208674
[03:11:46] Bootstrap tree #432, logLikelihood: -45212.328456
[03:12:20] Bootstrap tree #433, logLikelihood: -45773.058651
[03:12:49] Bootstrap tree #434, logLikelihood: -45207.001172
[03:13:11] Bootstrap tree #435, logLikelihood: -46452.787650
[03:13:24] Bootstrap tree #436, logLikelihood: -45820.106693
[03:13:55] Bootstrap tree #437, logLikelihood: -45559.767577
[03:14:28] Bootstrap tree #438, logLikelihood: -46642.613953
[03:14:52] Bootstrap tree #439, logLikelihood: -45156.741015
[03:15:18] Bootstrap tree #440, logLikelihood: -44768.977411
[03:15:41] Bootstrap tree #441, logLikelihood: -45707.897639
[03:16:14] Bootstrap tree #442, logLikelihood: -44997.167056
[03:16:36] Bootstrap tree #443, logLikelihood: -45656.262760
[03:17:00] Bootstrap tree #444, logLikelihood: -45262.446879
[03:17:26] Bootstrap tree #445, logLikelihood: -45014.109007
[03:17:49] Bootstrap tree #446, logLikelihood: -44460.197580
[03:18:13] Bootstrap tree #447, logLikelihood: -45273.362057
[03:18:40] Bootstrap tree #448, logLikelihood: -46017.762229
[03:19:01] Bootstrap tree #449, logLikelihood: -44467.170189
[03:19:28] Bootstrap tree #450, logLikelihood: -45589.278499
[03:19:35] Bootstrap tree #451, logLikelihood: -45713.144779
[03:19:59] Bootstrap tree #452, logLikelihood: -46052.501971
[03:20:21] Bootstrap tree #453, logLikelihood: -45353.711748
[03:20:36] Bootstrap tree #454, logLikelihood: -44297.761362
[03:21:05] Bootstrap tree #455, logLikelihood: -44929.550635
[03:21:36] Bootstrap tree #456, logLikelihood: -46125.647148
[03:21:55] Bootstrap tree #457, logLikelihood: -45828.604664
[03:22:16] Bootstrap tree #458, logLikelihood: -45669.226271
[03:22:31] Bootstrap tree #459, logLikelihood: -46200.122260
[03:22:52] Bootstrap tree #460, logLikelihood: -45676.996762
[03:23:24] Bootstrap tree #461, logLikelihood: -45584.343406
[03:23:42] Bootstrap tree #462, logLikelihood: -45358.301102
[03:24:03] Bootstrap tree #463, logLikelihood: -45360.807820
[03:24:23] Bootstrap tree #464, logLikelihood: -44969.120813
[03:24:42] Bootstrap tree #465, logLikelihood: -45538.476526
[03:25:08] Bootstrap tree #466, logLikelihood: -45503.291937
[03:25:31] Bootstrap tree #467, logLikelihood: -45228.377629
[03:25:59] Bootstrap tree #468, logLikelihood: -44569.169091
[03:26:24] Bootstrap tree #469, logLikelihood: -45741.525057
[03:26:46] Bootstrap tree #470, logLikelihood: -44763.960788
[03:27:14] Bootstrap tree #471, logLikelihood: -45261.199643
[03:27:34] Bootstrap tree #472, logLikelihood: -45099.628478
[03:27:58] Bootstrap tree #473, logLikelihood: -46042.461938
[03:28:24] Bootstrap tree #474, logLikelihood: -44927.896757
[03:28:45] Bootstrap tree #475, logLikelihood: -45560.609786
[03:28:49] Bootstrap tree #476, logLikelihood: -45816.361365
[03:29:08] Bootstrap tree #477, logLikelihood: -44691.556602
[03:29:30] Bootstrap tree #478, logLikelihood: -44941.942306
[03:29:43] Bootstrap tree #479, logLikelihood: -45285.347301
[03:30:02] Bootstrap tree #480, logLikelihood: -44792.393478
[03:30:17] Bootstrap tree #481, logLikelihood: -45498.033041
[03:30:34] Bootstrap tree #482, logLikelihood: -44904.585005
[03:30:59] Bootstrap tree #483, logLikelihood: -44145.037281
[03:31:19] Bootstrap tree #484, logLikelihood: -45949.951309
[03:31:39] Bootstrap tree #485, logLikelihood: -45462.532387
[03:32:08] Bootstrap tree #486, logLikelihood: -44577.382805
[03:32:29] Bootstrap tree #487, logLikelihood: -45237.810443
[03:32:49] Bootstrap tree #488, logLikelihood: -45464.262556
[03:33:07] Bootstrap tree #489, logLikelihood: -44692.748552
[03:33:35] Bootstrap tree #490, logLikelihood: -44952.272881
[03:33:54] Bootstrap tree #491, logLikelihood: -45940.128242
[03:34:24] Bootstrap tree #492, logLikelihood: -45484.812736
[03:34:49] Bootstrap tree #493, logLikelihood: -45284.768491
[03:35:03] Bootstrap tree #494, logLikelihood: -45914.208153
[03:35:36] Bootstrap tree #495, logLikelihood: -44563.104879
[03:35:47] Bootstrap tree #496, logLikelihood: -45708.016812
[03:36:13] Bootstrap tree #497, logLikelihood: -44747.759922
[03:36:34] Bootstrap tree #498, logLikelihood: -46477.393868
[03:36:55] Bootstrap tree #499, logLikelihood: -45194.245384
[03:37:10] Bootstrap tree #500, logLikelihood: -44911.484381
[03:37:33] Bootstrap tree #501, logLikelihood: -45985.843347
[03:37:50] Bootstrap tree #502, logLikelihood: -45287.583789
[03:38:07] Bootstrap tree #503, logLikelihood: -45426.566975
[03:38:27] Bootstrap tree #504, logLikelihood: -46596.157730
[03:38:58] Bootstrap tree #505, logLikelihood: -45319.396427
[03:39:19] Bootstrap tree #506, logLikelihood: -46150.688104
[03:39:29] Bootstrap tree #507, logLikelihood: -46296.074030
[03:39:48] Bootstrap tree #508, logLikelihood: -44543.800708
[03:40:10] Bootstrap tree #509, logLikelihood: -45844.141195
[03:40:38] Bootstrap tree #510, logLikelihood: -44411.426865
[03:41:00] Bootstrap tree #511, logLikelihood: -45564.871776
[03:41:27] Bootstrap tree #512, logLikelihood: -45099.747132
[03:41:38] Bootstrap tree #513, logLikelihood: -46205.180034
[03:42:12] Bootstrap tree #514, logLikelihood: -46652.341080
[03:42:38] Bootstrap tree #515, logLikelihood: -44195.316136
[03:43:03] Bootstrap tree #516, logLikelihood: -44555.164845
[03:43:29] Bootstrap tree #517, logLikelihood: -45614.137394
[03:43:54] Bootstrap tree #518, logLikelihood: -45641.401379
[03:44:13] Bootstrap tree #519, logLikelihood: -44666.927504
[03:44:38] Bootstrap tree #520, logLikelihood: -45941.147108
[03:44:51] Bootstrap tree #521, logLikelihood: -45832.459339
[03:45:16] Bootstrap tree #522, logLikelihood: -44752.398768
[03:45:42] Bootstrap tree #523, logLikelihood: -46298.304869
[03:46:16] Bootstrap tree #524, logLikelihood: -45964.667805
[03:46:38] Bootstrap tree #525, logLikelihood: -44877.485073
[03:47:01] Bootstrap tree #526, logLikelihood: -45418.289280
[03:47:35] Bootstrap tree #527, logLikelihood: -45506.040223
[03:48:06] Bootstrap tree #528, logLikelihood: -45787.137238
[03:48:20] Bootstrap tree #529, logLikelihood: -45856.517445
[03:48:49] Bootstrap tree #530, logLikelihood: -45606.693254
[03:49:03] Bootstrap tree #531, logLikelihood: -44013.003763
[03:49:22] Bootstrap tree #532, logLikelihood: -44896.048194
[03:49:45] Bootstrap tree #533, logLikelihood: -45059.163935
[03:50:06] Bootstrap tree #534, logLikelihood: -45949.272941
[03:50:13] Bootstrap tree #535, logLikelihood: -45912.943929
[03:50:19] Bootstrap tree #536, logLikelihood: -45513.371779
[03:50:24] Bootstrap tree #537, logLikelihood: -45416.479929
[03:50:29] Bootstrap tree #538, logLikelihood: -45061.182800
[03:50:40] Bootstrap tree #539, logLikelihood: -45872.325380
[03:51:03] Bootstrap tree #540, logLikelihood: -46045.986685
[03:51:14] Bootstrap tree #541, logLikelihood: -45424.814073
[03:51:39] Bootstrap tree #542, logLikelihood: -44597.146681
[03:52:00] Bootstrap tree #543, logLikelihood: -45195.771638
[03:52:32] Bootstrap tree #544, logLikelihood: -44325.154414
[03:52:48] Bootstrap tree #545, logLikelihood: -45331.408048
[03:53:12] Bootstrap tree #546, logLikelihood: -43929.983828
[03:53:35] Bootstrap tree #547, logLikelihood: -44836.901749
[03:53:58] Bootstrap tree #548, logLikelihood: -44549.857004
[03:54:49] Bootstrap tree #549, logLikelihood: -45286.046480
[03:55:08] Bootstrap tree #550, logLikelihood: -45244.761139
[03:55:25] Bootstrap tree #551, logLikelihood: -44670.734899
[03:55:46] Bootstrap tree #552, logLikelihood: -44747.263564
[03:56:06] Bootstrap tree #553, logLikelihood: -44606.994224
[03:56:21] Bootstrap tree #554, logLikelihood: -43959.653207
[03:56:44] Bootstrap tree #555, logLikelihood: -44352.126050
[03:57:06] Bootstrap tree #556, logLikelihood: -44982.790007
[03:57:25] Bootstrap tree #557, logLikelihood: -45883.311723
[03:57:51] Bootstrap tree #558, logLikelihood: -46647.046744
[03:57:55] Bootstrap tree #559, logLikelihood: -45683.166171
[03:58:20] Bootstrap tree #560, logLikelihood: -44779.726794
[03:58:42] Bootstrap tree #561, logLikelihood: -46225.052344
[03:59:08] Bootstrap tree #562, logLikelihood: -45113.755855
[03:59:22] Bootstrap tree #563, logLikelihood: -46073.035400
[03:59:38] Bootstrap tree #564, logLikelihood: -45661.261174
[03:59:56] Bootstrap tree #565, logLikelihood: -44738.341508
[04:00:19] Bootstrap tree #566, logLikelihood: -46304.205490
[04:00:50] Bootstrap tree #567, logLikelihood: -45163.365461
[04:01:05] Bootstrap tree #568, logLikelihood: -45526.733895
[04:01:47] Bootstrap tree #569, logLikelihood: -45160.499428
[04:02:09] Bootstrap tree #570, logLikelihood: -45166.474403
[04:02:22] Bootstrap tree #571, logLikelihood: -45523.728109
[04:02:45] Bootstrap tree #572, logLikelihood: -45278.409096
[04:03:08] Bootstrap tree #573, logLikelihood: -44911.921719
[04:03:23] Bootstrap tree #574, logLikelihood: -46543.819560
[04:03:49] Bootstrap tree #575, logLikelihood: -45318.348313
[04:04:02] Bootstrap tree #576, logLikelihood: -45692.299202
[04:04:28] Bootstrap tree #577, logLikelihood: -44648.785796
[04:04:50] Bootstrap tree #578, logLikelihood: -46178.576029
[04:05:03] Bootstrap tree #579, logLikelihood: -46025.444737
[04:05:12] Bootstrap tree #580, logLikelihood: -45398.429518
[04:05:43] Bootstrap tree #581, logLikelihood: -45714.854537
[04:06:04] Bootstrap tree #582, logLikelihood: -45026.555563
[04:06:23] Bootstrap tree #583, logLikelihood: -45980.690590
[04:06:37] Bootstrap tree #584, logLikelihood: -45245.649858
[04:07:03] Bootstrap tree #585, logLikelihood: -45214.995988
[04:07:13] Bootstrap tree #586, logLikelihood: -44625.247545
[04:07:32] Bootstrap tree #587, logLikelihood: -45182.748598
[04:08:09] Bootstrap tree #588, logLikelihood: -45355.686850
[04:08:29] Bootstrap tree #589, logLikelihood: -45869.448685
[04:08:49] Bootstrap tree #590, logLikelihood: -45143.786209
[04:09:10] Bootstrap tree #591, logLikelihood: -45849.372418
[04:09:23] Bootstrap tree #592, logLikelihood: -45134.932509
[04:09:43] Bootstrap tree #593, logLikelihood: -44653.266306
[04:10:09] Bootstrap tree #594, logLikelihood: -46239.763203
[04:10:32] Bootstrap tree #595, logLikelihood: -45688.325701
[04:10:58] Bootstrap tree #596, logLikelihood: -45255.058335
[04:11:03] Bootstrap tree #597, logLikelihood: -45149.542953
[04:11:27] Bootstrap tree #598, logLikelihood: -45638.906615
[04:11:52] Bootstrap tree #599, logLikelihood: -44296.823261
[04:12:11] Bootstrap tree #600, logLikelihood: -45574.203466
[04:12:36] Bootstrap tree #601, logLikelihood: -44760.885225
[04:12:52] Bootstrap tree #602, logLikelihood: -44164.593512
[04:13:23] Bootstrap tree #603, logLikelihood: -45404.010804
[04:13:33] Bootstrap tree #604, logLikelihood: -45702.720177
[04:13:56] Bootstrap tree #605, logLikelihood: -43997.222866
[04:14:10] Bootstrap tree #606, logLikelihood: -45900.794866
[04:14:35] Bootstrap tree #607, logLikelihood: -45065.759939
[04:14:54] Bootstrap tree #608, logLikelihood: -44697.099852
[04:15:11] Bootstrap tree #609, logLikelihood: -45166.036362
[04:15:35] Bootstrap tree #610, logLikelihood: -45376.114343
[04:16:04] Bootstrap tree #611, logLikelihood: -45200.549288
[04:16:30] Bootstrap tree #612, logLikelihood: -44117.434073
[04:16:53] Bootstrap tree #613, logLikelihood: -45316.859653
[04:17:18] Bootstrap tree #614, logLikelihood: -43347.676955
[04:17:39] Bootstrap tree #615, logLikelihood: -46411.604457
[04:17:55] Bootstrap tree #616, logLikelihood: -45433.470087
[04:18:17] Bootstrap tree #617, logLikelihood: -45262.359070
[04:18:39] Bootstrap tree #618, logLikelihood: -44426.942046
[04:18:54] Bootstrap tree #619, logLikelihood: -44751.483397
[04:19:24] Bootstrap tree #620, logLikelihood: -45518.913919
[04:19:41] Bootstrap tree #621, logLikelihood: -45262.541674
[04:20:05] Bootstrap tree #622, logLikelihood: -46739.892201
[04:20:31] Bootstrap tree #623, logLikelihood: -44556.518205
[04:20:37] Bootstrap tree #624, logLikelihood: -45170.509456
[04:21:02] Bootstrap tree #625, logLikelihood: -45839.588481
[04:21:24] Bootstrap tree #626, logLikelihood: -46048.678414
[04:21:50] Bootstrap tree #627, logLikelihood: -45106.529092
[04:22:20] Bootstrap tree #628, logLikelihood: -45804.261716
[04:22:50] Bootstrap tree #629, logLikelihood: -45232.626172
[04:23:11] Bootstrap tree #630, logLikelihood: -45016.289441
[04:23:22] Bootstrap tree #631, logLikelihood: -44957.723233
[04:23:41] Bootstrap tree #632, logLikelihood: -44677.224627
[04:24:01] Bootstrap tree #633, logLikelihood: -45434.177927
[04:24:21] Bootstrap tree #634, logLikelihood: -47343.719904
[04:24:39] Bootstrap tree #635, logLikelihood: -45133.253672
[04:25:09] Bootstrap tree #636, logLikelihood: -45443.825815
[04:25:38] Bootstrap tree #637, logLikelihood: -45266.899700
[04:26:15] Bootstrap tree #638, logLikelihood: -45584.877274
[04:26:45] Bootstrap tree #639, logLikelihood: -45419.601663
[04:27:12] Bootstrap tree #640, logLikelihood: -45171.676573
[04:27:35] Bootstrap tree #641, logLikelihood: -45548.405117
[04:28:01] Bootstrap tree #642, logLikelihood: -45256.786938
[04:28:23] Bootstrap tree #643, logLikelihood: -46255.148902
[04:28:48] Bootstrap tree #644, logLikelihood: -45200.347877
[04:29:10] Bootstrap tree #645, logLikelihood: -44724.762139
[04:29:34] Bootstrap tree #646, logLikelihood: -44979.678813
[04:29:51] Bootstrap tree #647, logLikelihood: -45598.421223
[04:30:12] Bootstrap tree #648, logLikelihood: -45631.279577
[04:30:34] Bootstrap tree #649, logLikelihood: -45666.988523
[04:30:59] Bootstrap tree #650, logLikelihood: -45485.039390
[04:31:16] Bootstrap tree #651, logLikelihood: -45455.028136
[04:31:48] Bootstrap tree #652, logLikelihood: -46205.265641
[04:32:15] Bootstrap tree #653, logLikelihood: -45491.253269
[04:32:32] Bootstrap tree #654, logLikelihood: -44523.355514
[04:32:57] Bootstrap tree #655, logLikelihood: -45214.148295
[04:33:18] Bootstrap tree #656, logLikelihood: -46414.224769
[04:33:38] Bootstrap tree #657, logLikelihood: -44633.118012
[04:33:53] Bootstrap tree #658, logLikelihood: -45809.022168
[04:34:09] Bootstrap tree #659, logLikelihood: -44685.373032
[04:34:31] Bootstrap tree #660, logLikelihood: -45462.282821
[04:34:47] Bootstrap tree #661, logLikelihood: -46439.163021
[04:35:05] Bootstrap tree #662, logLikelihood: -45358.384259
[04:35:28] Bootstrap tree #663, logLikelihood: -45584.268106
[04:35:51] Bootstrap tree #664, logLikelihood: -46094.593840
[04:36:17] Bootstrap tree #665, logLikelihood: -44726.806628
[04:36:43] Bootstrap tree #666, logLikelihood: -44313.611540
[04:37:07] Bootstrap tree #667, logLikelihood: -45246.792008
[04:37:23] Bootstrap tree #668, logLikelihood: -44802.401536
[04:37:40] Bootstrap tree #669, logLikelihood: -45005.889228
[04:38:06] Bootstrap tree #670, logLikelihood: -46264.511985
[04:38:32] Bootstrap tree #671, logLikelihood: -45266.432736
[04:38:43] Bootstrap tree #672, logLikelihood: -44881.216203
[04:39:02] Bootstrap tree #673, logLikelihood: -45387.693039
[04:39:27] Bootstrap tree #674, logLikelihood: -45142.512957
[04:39:48] Bootstrap tree #675, logLikelihood: -45105.905888
[04:40:10] Bootstrap tree #676, logLikelihood: -46283.682214
[04:40:39] Bootstrap tree #677, logLikelihood: -45711.834470
[04:40:58] Bootstrap tree #678, logLikelihood: -45507.229960
[04:41:16] Bootstrap tree #679, logLikelihood: -45551.308884
[04:41:29] Bootstrap tree #680, logLikelihood: -44698.440016
[04:41:47] Bootstrap tree #681, logLikelihood: -45024.183626
[04:42:09] Bootstrap tree #682, logLikelihood: -45109.280998
[04:42:23] Bootstrap tree #683, logLikelihood: -45700.937534
[04:42:43] Bootstrap tree #684, logLikelihood: -45560.436474
[04:43:06] Bootstrap tree #685, logLikelihood: -44595.258716
[04:43:25] Bootstrap tree #686, logLikelihood: -45257.436018
[04:43:46] Bootstrap tree #687, logLikelihood: -45977.561508
[04:44:15] Bootstrap tree #688, logLikelihood: -45147.818103
[04:44:34] Bootstrap tree #689, logLikelihood: -44475.587163
[04:44:55] Bootstrap tree #690, logLikelihood: -46159.226542
[04:45:17] Bootstrap tree #691, logLikelihood: -45012.574759
[04:45:22] Bootstrap tree #692, logLikelihood: -44983.361292
[04:46:04] Bootstrap tree #693, logLikelihood: -45946.957829
[04:46:37] Bootstrap tree #694, logLikelihood: -44849.838178
[04:46:54] Bootstrap tree #695, logLikelihood: -46534.785981
[04:47:20] Bootstrap tree #696, logLikelihood: -46644.675744
[04:47:36] Bootstrap tree #697, logLikelihood: -45669.709283
[04:47:54] Bootstrap tree #698, logLikelihood: -45443.814559
[04:48:21] Bootstrap tree #699, logLikelihood: -44596.479512
[04:48:59] Bootstrap tree #700, logLikelihood: -45033.721129
[04:49:18] Bootstrap tree #701, logLikelihood: -46341.548951
[04:49:38] Bootstrap tree #702, logLikelihood: -45625.929944
[04:50:04] Bootstrap tree #703, logLikelihood: -45394.413480
[04:50:24] Bootstrap tree #704, logLikelihood: -45953.670985
[04:50:37] Bootstrap tree #705, logLikelihood: -45448.876457
[04:51:06] Bootstrap tree #706, logLikelihood: -45767.242628
[04:51:18] Bootstrap tree #707, logLikelihood: -44474.745797
[04:51:50] Bootstrap tree #708, logLikelihood: -46290.382061
[04:52:34] Bootstrap tree #709, logLikelihood: -45955.394317
[04:52:50] Bootstrap tree #710, logLikelihood: -46600.012913
[04:53:08] Bootstrap tree #711, logLikelihood: -45410.006525
[04:53:38] Bootstrap tree #712, logLikelihood: -45006.222690
[04:53:58] Bootstrap tree #713, logLikelihood: -44657.390431
[04:54:18] Bootstrap tree #714, logLikelihood: -46781.123790
[04:54:38] Bootstrap tree #715, logLikelihood: -44849.244245
[04:55:05] Bootstrap tree #716, logLikelihood: -45415.710779
[04:55:34] Bootstrap tree #717, logLikelihood: -46452.903545
[04:55:54] Bootstrap tree #718, logLikelihood: -45157.426560
[04:56:10] Bootstrap tree #719, logLikelihood: -44416.208382
[04:56:29] Bootstrap tree #720, logLikelihood: -44004.880064
[04:56:48] Bootstrap tree #721, logLikelihood: -45655.488711
[04:57:07] Bootstrap tree #722, logLikelihood: -44853.578322
[04:57:18] Bootstrap tree #723, logLikelihood: -44569.273352
[04:57:37] Bootstrap tree #724, logLikelihood: -44728.990677
[04:57:58] Bootstrap tree #725, logLikelihood: -45257.933958
[04:58:19] Bootstrap tree #726, logLikelihood: -45478.777661
[04:58:44] Bootstrap tree #727, logLikelihood: -45211.491580
[04:59:08] Bootstrap tree #728, logLikelihood: -45103.938126
[04:59:34] Bootstrap tree #729, logLikelihood: -44990.535536
[04:59:52] Bootstrap tree #730, logLikelihood: -44874.384523
[05:00:17] Bootstrap tree #731, logLikelihood: -44971.663341
[05:00:34] Bootstrap tree #732, logLikelihood: -45538.158755
[05:00:53] Bootstrap tree #733, logLikelihood: -46686.477888
[05:01:23] Bootstrap tree #734, logLikelihood: -45158.986542
[05:01:39] Bootstrap tree #735, logLikelihood: -46082.595553
[05:01:55] Bootstrap tree #736, logLikelihood: -46378.159851
[05:02:29] Bootstrap tree #737, logLikelihood: -45073.496719
[05:02:52] Bootstrap tree #738, logLikelihood: -44883.148506
[05:03:08] Bootstrap tree #739, logLikelihood: -45374.745493
[05:03:20] Bootstrap tree #740, logLikelihood: -44408.465608
[05:03:40] Bootstrap tree #741, logLikelihood: -44684.188378
[05:04:01] Bootstrap tree #742, logLikelihood: -45801.767658
[05:04:26] Bootstrap tree #743, logLikelihood: -44931.742742
[05:04:47] Bootstrap tree #744, logLikelihood: -45555.862195
[05:05:05] Bootstrap tree #745, logLikelihood: -45053.643665
[05:05:13] Bootstrap tree #746, logLikelihood: -44260.398809
[05:05:38] Bootstrap tree #747, logLikelihood: -44973.909330
[05:06:05] Bootstrap tree #748, logLikelihood: -45998.839607
[05:06:24] Bootstrap tree #749, logLikelihood: -44850.956883
[05:06:55] Bootstrap tree #750, logLikelihood: -44839.293471
[05:07:11] Bootstrap tree #751, logLikelihood: -45567.203391
[05:07:38] Bootstrap tree #752, logLikelihood: -45845.047480
[05:07:57] Bootstrap tree #753, logLikelihood: -45004.233942
[05:08:14] Bootstrap tree #754, logLikelihood: -45938.840773
[05:08:37] Bootstrap tree #755, logLikelihood: -46472.215760
[05:09:06] Bootstrap tree #756, logLikelihood: -46309.992440
[05:09:30] Bootstrap tree #757, logLikelihood: -45386.847807
[05:09:52] Bootstrap tree #758, logLikelihood: -45266.548428
[05:10:20] Bootstrap tree #759, logLikelihood: -45040.331827
[05:10:40] Bootstrap tree #760, logLikelihood: -45575.016164
[05:11:05] Bootstrap tree #761, logLikelihood: -45500.960148
[05:11:20] Bootstrap tree #762, logLikelihood: -45369.459643
[05:11:48] Bootstrap tree #763, logLikelihood: -44982.294044
[05:12:08] Bootstrap tree #764, logLikelihood: -45564.564926
[05:12:39] Bootstrap tree #765, logLikelihood: -44268.618006
[05:12:56] Bootstrap tree #766, logLikelihood: -44948.359402
[05:13:20] Bootstrap tree #767, logLikelihood: -45844.310581
[05:13:42] Bootstrap tree #768, logLikelihood: -45229.116905
[05:14:04] Bootstrap tree #769, logLikelihood: -44922.074569
[05:14:28] Bootstrap tree #770, logLikelihood: -44640.133127
[05:14:42] Bootstrap tree #771, logLikelihood: -46749.149685
[05:15:17] Bootstrap tree #772, logLikelihood: -44497.471809
[05:15:39] Bootstrap tree #773, logLikelihood: -44583.313890
[05:16:02] Bootstrap tree #774, logLikelihood: -45108.453159
[05:16:14] Bootstrap tree #775, logLikelihood: -44144.618073
[05:16:18] Bootstrap tree #776, logLikelihood: -45442.388333
[05:16:25] Bootstrap tree #777, logLikelihood: -46035.091215
[05:16:32] Bootstrap tree #778, logLikelihood: -45464.940189
[05:16:49] Bootstrap tree #779, logLikelihood: -44910.004145
[05:16:56] Bootstrap tree #780, logLikelihood: -45101.796965
[05:17:03] Bootstrap tree #781, logLikelihood: -45847.151884
[05:17:08] Bootstrap tree #782, logLikelihood: -45764.852807
[05:17:14] Bootstrap tree #783, logLikelihood: -46147.837393
[05:17:22] Bootstrap tree #784, logLikelihood: -44646.111965
[05:17:28] Bootstrap tree #785, logLikelihood: -45436.386256
[05:17:36] Bootstrap tree #786, logLikelihood: -44623.455039
[05:17:46] Bootstrap tree #787, logLikelihood: -46716.909222
[05:17:51] Bootstrap tree #788, logLikelihood: -45735.561488
[05:17:59] Bootstrap tree #789, logLikelihood: -44699.252054
[05:18:07] Bootstrap tree #790, logLikelihood: -45619.623535
[05:18:13] Bootstrap tree #791, logLikelihood: -46583.832626
[05:18:21] Bootstrap tree #792, logLikelihood: -45888.775013
[05:18:28] Bootstrap tree #793, logLikelihood: -46457.487310
[05:18:34] Bootstrap tree #794, logLikelihood: -46029.582312
[05:19:00] Bootstrap tree #795, logLikelihood: -45568.428777
[05:19:21] Bootstrap tree #796, logLikelihood: -45096.488231
[05:19:36] Bootstrap tree #797, logLikelihood: -44807.426403
[05:19:52] Bootstrap tree #798, logLikelihood: -46326.941719
[05:20:20] Bootstrap tree #799, logLikelihood: -45854.543066
[05:20:43] Bootstrap tree #800, logLikelihood: -44685.954052
[05:21:03] Bootstrap tree #801, logLikelihood: -44800.653278
[05:21:28] Bootstrap tree #802, logLikelihood: -45640.701707
[05:21:49] Bootstrap tree #803, logLikelihood: -45062.983266
[05:22:14] Bootstrap tree #804, logLikelihood: -45190.235382
[05:22:23] Bootstrap tree #805, logLikelihood: -45441.962291
[05:22:43] Bootstrap tree #806, logLikelihood: -45892.262147
[05:22:53] Bootstrap tree #807, logLikelihood: -45219.733909
[05:22:59] Bootstrap tree #808, logLikelihood: -44556.482336
[05:23:05] Bootstrap tree #809, logLikelihood: -44284.970889
[05:23:12] Bootstrap tree #810, logLikelihood: -46061.741709
[05:23:17] Bootstrap tree #811, logLikelihood: -45860.364845
[05:23:23] Bootstrap tree #812, logLikelihood: -44274.064923
[05:23:28] Bootstrap tree #813, logLikelihood: -45785.291853
[05:23:37] Bootstrap tree #814, logLikelihood: -45131.264386
[05:23:59] Bootstrap tree #815, logLikelihood: -44733.385961
[05:24:30] Bootstrap tree #816, logLikelihood: -45086.426566
[05:24:42] Bootstrap tree #817, logLikelihood: -44866.879645
[05:25:04] Bootstrap tree #818, logLikelihood: -45358.773735
[05:25:24] Bootstrap tree #819, logLikelihood: -45065.012331
[05:25:53] Bootstrap tree #820, logLikelihood: -45396.686801
[05:26:01] Bootstrap tree #821, logLikelihood: -44767.382370
[05:26:26] Bootstrap tree #822, logLikelihood: -45314.330241
[05:26:44] Bootstrap tree #823, logLikelihood: -45062.121969
[05:27:07] Bootstrap tree #824, logLikelihood: -45574.805130
[05:27:36] Bootstrap tree #825, logLikelihood: -44564.480794
[05:28:01] Bootstrap tree #826, logLikelihood: -45096.155294
[05:28:21] Bootstrap tree #827, logLikelihood: -45172.102039
[05:28:36] Bootstrap tree #828, logLikelihood: -44746.921216
[05:28:57] Bootstrap tree #829, logLikelihood: -45355.041046
[05:29:19] Bootstrap tree #830, logLikelihood: -44937.067129
[05:29:40] Bootstrap tree #831, logLikelihood: -44298.300189
[05:30:00] Bootstrap tree #832, logLikelihood: -44368.803266
[05:30:29] Bootstrap tree #833, logLikelihood: -44993.643180
[05:30:47] Bootstrap tree #834, logLikelihood: -46032.827860
[05:31:11] Bootstrap tree #835, logLikelihood: -44484.120893
[05:31:29] Bootstrap tree #836, logLikelihood: -45137.267119
[05:31:47] Bootstrap tree #837, logLikelihood: -45959.458447
[05:32:08] Bootstrap tree #838, logLikelihood: -46386.547141
[05:32:37] Bootstrap tree #839, logLikelihood: -45467.559693
[05:33:06] Bootstrap tree #840, logLikelihood: -45641.828117
[05:33:31] Bootstrap tree #841, logLikelihood: -44902.077979
[05:33:45] Bootstrap tree #842, logLikelihood: -45323.909914
[05:34:11] Bootstrap tree #843, logLikelihood: -45057.642267
[05:34:36] Bootstrap tree #844, logLikelihood: -44464.710034
[05:34:51] Bootstrap tree #845, logLikelihood: -45224.608022
[05:35:11] Bootstrap tree #846, logLikelihood: -45045.548202
[05:35:34] Bootstrap tree #847, logLikelihood: -45266.583080
[05:35:53] Bootstrap tree #848, logLikelihood: -45331.955905
[05:36:15] Bootstrap tree #849, logLikelihood: -45654.944554
[05:36:33] Bootstrap tree #850, logLikelihood: -44660.476012
[05:37:04] Bootstrap tree #851, logLikelihood: -44371.221374
[05:37:22] Bootstrap tree #852, logLikelihood: -45524.208505
[05:37:35] Bootstrap tree #853, logLikelihood: -45863.811342
[05:37:45] Bootstrap tree #854, logLikelihood: -46692.573261
[05:38:00] Bootstrap tree #855, logLikelihood: -44646.489347
[05:38:28] Bootstrap tree #856, logLikelihood: -46134.266914
[05:38:54] Bootstrap tree #857, logLikelihood: -45207.304945
[05:39:08] Bootstrap tree #858, logLikelihood: -45062.701693
[05:39:25] Bootstrap tree #859, logLikelihood: -45316.558305
[05:39:46] Bootstrap tree #860, logLikelihood: -45385.229689
[05:40:07] Bootstrap tree #861, logLikelihood: -44812.463212
[05:40:28] Bootstrap tree #862, logLikelihood: -45227.020594
[05:40:53] Bootstrap tree #863, logLikelihood: -45685.692869
[05:41:18] Bootstrap tree #864, logLikelihood: -45234.413056
[05:41:32] Bootstrap tree #865, logLikelihood: -44497.749147
[05:41:58] Bootstrap tree #866, logLikelihood: -45138.934303
[05:42:20] Bootstrap tree #867, logLikelihood: -46424.191281
[05:42:42] Bootstrap tree #868, logLikelihood: -45523.266870
[05:42:56] Bootstrap tree #869, logLikelihood: -45775.715159
[05:43:21] Bootstrap tree #870, logLikelihood: -46259.983265
[05:43:36] Bootstrap tree #871, logLikelihood: -45446.029412
[05:43:54] Bootstrap tree #872, logLikelihood: -44890.579856
[05:44:18] Bootstrap tree #873, logLikelihood: -45061.501469
[05:44:35] Bootstrap tree #874, logLikelihood: -44469.085351
[05:45:03] Bootstrap tree #875, logLikelihood: -44775.239839
[05:45:19] Bootstrap tree #876, logLikelihood: -46189.268933
[05:45:45] Bootstrap tree #877, logLikelihood: -44367.624894
[05:46:18] Bootstrap tree #878, logLikelihood: -44143.743383
[05:46:38] Bootstrap tree #879, logLikelihood: -44052.116085
[05:46:55] Bootstrap tree #880, logLikelihood: -44997.618184
[05:47:12] Bootstrap tree #881, logLikelihood: -44496.338730
[05:47:28] Bootstrap tree #882, logLikelihood: -45503.251431
[05:47:45] Bootstrap tree #883, logLikelihood: -44844.558999
[05:48:27] Bootstrap tree #884, logLikelihood: -45241.939954
[05:48:54] Bootstrap tree #885, logLikelihood: -44375.581347
[05:49:13] Bootstrap tree #886, logLikelihood: -45258.099263
[05:49:34] Bootstrap tree #887, logLikelihood: -45380.696002
[05:49:59] Bootstrap tree #888, logLikelihood: -43867.727151
[05:50:22] Bootstrap tree #889, logLikelihood: -45474.924836
[05:50:40] Bootstrap tree #890, logLikelihood: -45318.804068
[05:51:03] Bootstrap tree #891, logLikelihood: -44767.615574
[05:51:17] Bootstrap tree #892, logLikelihood: -44121.657449
[05:51:43] Bootstrap tree #893, logLikelihood: -45525.524167
[05:51:55] Bootstrap tree #894, logLikelihood: -44419.369436
[05:52:22] Bootstrap tree #895, logLikelihood: -45301.780180
[05:52:48] Bootstrap tree #896, logLikelihood: -45260.143263
[05:53:07] Bootstrap tree #897, logLikelihood: -44478.407547
[05:53:20] Bootstrap tree #898, logLikelihood: -44862.669879
[05:53:40] Bootstrap tree #899, logLikelihood: -44646.458083
[05:54:06] Bootstrap tree #900, logLikelihood: -45261.150028
[05:54:38] Bootstrap tree #901, logLikelihood: -44649.329732
[05:54:55] Bootstrap tree #902, logLikelihood: -45806.388732
[05:55:09] Bootstrap tree #903, logLikelihood: -46123.123671
[05:55:30] Bootstrap tree #904, logLikelihood: -44411.575250
[05:55:54] Bootstrap tree #905, logLikelihood: -44261.220796
[05:56:05] Bootstrap tree #906, logLikelihood: -46179.858740
[05:56:19] Bootstrap tree #907, logLikelihood: -45922.620008
[05:56:33] Bootstrap tree #908, logLikelihood: -45259.441983
[05:56:58] Bootstrap tree #909, logLikelihood: -45791.621653
[05:57:16] Bootstrap tree #910, logLikelihood: -44981.032631
[05:57:36] Bootstrap tree #911, logLikelihood: -45241.231305
[05:57:51] Bootstrap tree #912, logLikelihood: -44868.645143
[05:58:14] Bootstrap tree #913, logLikelihood: -46235.689719
[05:58:32] Bootstrap tree #914, logLikelihood: -44920.118134
[05:59:00] Bootstrap tree #915, logLikelihood: -44869.455549
[05:59:26] Bootstrap tree #916, logLikelihood: -45054.675837
[05:59:44] Bootstrap tree #917, logLikelihood: -46322.802967
[06:00:05] Bootstrap tree #918, logLikelihood: -45083.748808
[06:00:28] Bootstrap tree #919, logLikelihood: -45922.109512
[06:00:40] Bootstrap tree #920, logLikelihood: -44925.355286
[06:01:16] Bootstrap tree #921, logLikelihood: -45634.232875
[06:01:38] Bootstrap tree #922, logLikelihood: -45186.165474
[06:01:56] Bootstrap tree #923, logLikelihood: -45383.472278
[06:02:18] Bootstrap tree #924, logLikelihood: -44519.975451
[06:02:29] Bootstrap tree #925, logLikelihood: -44839.387561
[06:02:46] Bootstrap tree #926, logLikelihood: -44923.282803
[06:03:15] Bootstrap tree #927, logLikelihood: -44671.589312
[06:03:32] Bootstrap tree #928, logLikelihood: -45512.518503
[06:03:54] Bootstrap tree #929, logLikelihood: -45255.412072
[06:04:22] Bootstrap tree #930, logLikelihood: -46009.789596
[06:04:39] Bootstrap tree #931, logLikelihood: -46978.755260
[06:05:11] Bootstrap tree #932, logLikelihood: -45198.334097
[06:05:35] Bootstrap tree #933, logLikelihood: -45067.805495
[06:05:52] Bootstrap tree #934, logLikelihood: -44318.036156
[06:06:11] Bootstrap tree #935, logLikelihood: -46199.233608
[06:06:27] Bootstrap tree #936, logLikelihood: -45055.600043
[06:06:47] Bootstrap tree #937, logLikelihood: -45307.094831
[06:07:08] Bootstrap tree #938, logLikelihood: -43401.903247
[06:07:29] Bootstrap tree #939, logLikelihood: -45603.938640
[06:07:55] Bootstrap tree #940, logLikelihood: -44831.654944
[06:08:25] Bootstrap tree #941, logLikelihood: -45889.535178
[06:08:59] Bootstrap tree #942, logLikelihood: -45477.209731
[06:09:22] Bootstrap tree #943, logLikelihood: -45893.622772
[06:09:30] Bootstrap tree #944, logLikelihood: -44544.619082
[06:09:52] Bootstrap tree #945, logLikelihood: -46087.197269
[06:10:12] Bootstrap tree #946, logLikelihood: -44990.392911
[06:10:34] Bootstrap tree #947, logLikelihood: -44424.970585
[06:10:53] Bootstrap tree #948, logLikelihood: -46308.571117
[06:11:16] Bootstrap tree #949, logLikelihood: -45878.033530
[06:11:37] Bootstrap tree #950, logLikelihood: -45474.093196
[06:12:11] Bootstrap tree #951, logLikelihood: -45003.741229
[06:12:37] Bootstrap tree #952, logLikelihood: -46646.270396
[06:12:55] Bootstrap tree #953, logLikelihood: -45827.364626
[06:13:13] Bootstrap tree #954, logLikelihood: -46338.401856
[06:13:29] Bootstrap tree #955, logLikelihood: -45056.410699
[06:13:56] Bootstrap tree #956, logLikelihood: -45139.176598
[06:14:20] Bootstrap tree #957, logLikelihood: -44817.725087
[06:14:32] Bootstrap tree #958, logLikelihood: -45857.771765
[06:15:01] Bootstrap tree #959, logLikelihood: -45963.078275
[06:15:19] Bootstrap tree #960, logLikelihood: -45934.198376
[06:15:35] Bootstrap tree #961, logLikelihood: -45612.545850
[06:16:08] Bootstrap tree #962, logLikelihood: -44460.166221
[06:16:16] Bootstrap tree #963, logLikelihood: -46499.843779
[06:16:38] Bootstrap tree #964, logLikelihood: -44530.617991
[06:17:01] Bootstrap tree #965, logLikelihood: -45088.015714
[06:17:18] Bootstrap tree #966, logLikelihood: -44506.806502
[06:17:33] Bootstrap tree #967, logLikelihood: -44596.991794
[06:17:49] Bootstrap tree #968, logLikelihood: -43975.198830
[06:18:14] Bootstrap tree #969, logLikelihood: -46088.269442
[06:18:39] Bootstrap tree #970, logLikelihood: -45948.641800
[06:18:52] Bootstrap tree #971, logLikelihood: -44090.766934
[06:19:14] Bootstrap tree #972, logLikelihood: -44425.684766
[06:19:31] Bootstrap tree #973, logLikelihood: -44810.185028
[06:19:52] Bootstrap tree #974, logLikelihood: -44980.673236
[06:20:12] Bootstrap tree #975, logLikelihood: -45621.138766
[06:20:27] Bootstrap tree #976, logLikelihood: -45739.492480
[06:20:49] Bootstrap tree #977, logLikelihood: -44870.869154
[06:20:57] Bootstrap tree #978, logLikelihood: -46261.359364
[06:21:23] Bootstrap tree #979, logLikelihood: -44976.340679
[06:21:39] Bootstrap tree #980, logLikelihood: -44356.717013
[06:21:54] Bootstrap tree #981, logLikelihood: -45957.080840
[06:22:18] Bootstrap tree #982, logLikelihood: -44808.728878
[06:22:41] Bootstrap tree #983, logLikelihood: -45498.610253
[06:23:01] Bootstrap tree #984, logLikelihood: -45492.306829
[06:23:24] Bootstrap tree #985, logLikelihood: -46524.746654
[06:23:47] Bootstrap tree #986, logLikelihood: -47029.168443
[06:24:01] Bootstrap tree #987, logLikelihood: -45113.815359
[06:24:19] Bootstrap tree #988, logLikelihood: -44998.760897
[06:24:46] Bootstrap tree #989, logLikelihood: -45292.521504
[06:24:51] Bootstrap tree #990, logLikelihood: -44841.509630
[06:25:13] Bootstrap tree #991, logLikelihood: -45494.057290
[06:25:32] Bootstrap tree #992, logLikelihood: -45275.568311
[06:25:59] Bootstrap tree #993, logLikelihood: -46348.761171
[06:26:22] Bootstrap tree #994, logLikelihood: -45585.120323
[06:26:34] Bootstrap tree #995, logLikelihood: -44972.006149
[06:26:58] Bootstrap tree #996, logLikelihood: -44969.569769
[06:27:21] Bootstrap tree #997, logLikelihood: -44747.018116
[06:27:37] Bootstrap tree #998, logLikelihood: -45728.177075
[06:27:52] Bootstrap tree #999, logLikelihood: -44213.157604
[06:28:14] Bootstrap tree #1000, logLikelihood: -44201.121368

Optimized model parameters:

   Partition 0: noname
   Rate heterogeneity: GAMMA (4 cats, mean),  alpha: 0.155001 (ML),  weights&rates: (0.250000,0.000071) (0.250000,0.012480) (0.250000,0.256855) (0.250000,3.730594) 
   Base frequencies (ML): 0.385352 0.281138 0.075440 0.258070 
   Substitution rates (ML): 0.216977 7.310627 0.400171 0.530046 8.411312 1.000000 

Final LogLikelihood: -45373.638074

AIC score: 90839.276148 / AICc score: 90840.251120 / BIC score: 91134.036082
Free parameters (model + branch lengths): 46

All ML trees saved to: /home/dpsaroud/EEOB563/assignments/5/alignment.phy.raxml.mlTrees
Best ML tree saved to: /home/dpsaroud/EEOB563/assignments/5/alignment.phy.raxml.bestTree
Best ML tree with Felsenstein bootstrap (FBP) support values saved to: /home/dpsaroud/EEOB563/assignments/5/alignment.phy.raxml.support
Optimized model saved to: /home/dpsaroud/EEOB563/assignments/5/alignment.phy.raxml.bestModel
Bootstrap trees saved to: /home/dpsaroud/EEOB563/assignments/5/alignment.phy.raxml.bootstraps

Execution log saved to: /home/dpsaroud/EEOB563/assignments/5/alignment.phy.raxml.log

Analysis started: 12-Mar-2019 20:01:31 / finished: 13-Mar-2019 02:29:50

Elapsed time: 23299.227 seconds

