
RAxML-NG v. 0.8.0 BETA released on 11.01.2019 by The Exelixis Lab.
Authors: Alexey Kozlov, Alexandros Stamatakis, Diego Darriba, Tomas Flouri, Benoit Morel.
Latest version: https://github.com/amkozlov/raxml-ng
Questions/problems/suggestions? Please visit: https://groups.google.com/forum/#!forum/raxml

WARNING: This is a BETA release, please use at your own risk!

RAxML-NG was called at 05-Mar-2019 10:41:04 as follows:

raxml-ng --msa data/fasta.fs --model JC+G --prefix E2.2 --threads 6 --seed 12 --tree pars{25},rand{25}

Analysis options:
  run mode: ML tree search
  start tree(s): random (25) + parsimony (25)
  random seed: 12
  tip-inner: OFF
  pattern compression: ON
  per-rate scalers: OFF
  site repeats: ON
  fast spr radius: AUTO
  spr subtree cutoff: 1.000000
  branch lengths: proportional (ML estimate, algorithm: NR-FAST)
  SIMD kernels: AVX
  parallelization: PTHREADS (6 threads), thread pinning: OFF

[00:00:04] Reading alignment from file: data/fasta.fs
[00:00:04] Loaded alignment with 20 taxa and 4482 sites

Alignment comprises 1 partitions and 2114 patterns

Partition 0: noname
Model: JC+G4m
Alignment sites / patterns: 4482 / 2114
Gaps: 6.81 %
Invariant sites: 1.18 %


NOTE: Binary MSA file created: E2.2.raxml.rba

[00:00:04] Generating 25 random starting tree(s) with 20 taxa
[00:00:04] Generating 25 parsimony starting tree(s) with 20 taxa
[00:00:04] Data distribution: max. partitions/sites/weight per thread: 1 / 353 / 5648

Starting ML tree search with 50 distinct starting trees

[00:00:29] ML tree search #1, logLikelihood: -49433.945685
[00:01:43] ML tree search #2, logLikelihood: -49433.943381
[00:01:47] ML tree search #3, logLikelihood: -49433.939025
[00:01:53] ML tree search #4, logLikelihood: -49433.951801
[00:02:02] ML tree search #5, logLikelihood: -49433.938953
[00:02:08] ML tree search #6, logLikelihood: -49433.944176
[00:02:17] ML tree search #7, logLikelihood: -49433.944436
[00:02:25] ML tree search #8, logLikelihood: -49433.944450
[00:02:30] ML tree search #9, logLikelihood: -49433.938997
[00:02:36] ML tree search #10, logLikelihood: -49433.942768
[00:02:42] ML tree search #11, logLikelihood: -49433.940840
[00:03:03] ML tree search #12, logLikelihood: -49433.942925
[00:04:35] ML tree search #13, logLikelihood: -49433.942302
[00:06:50] ML tree search #14, logLikelihood: -49433.947019
[00:07:56] ML tree search #15, logLikelihood: -49433.946220
[00:08:06] ML tree search #16, logLikelihood: -49433.947589
[00:08:12] ML tree search #17, logLikelihood: -49433.947760
[00:08:20] ML tree search #18, logLikelihood: -49433.942549
[00:08:29] ML tree search #19, logLikelihood: -49433.944728
[00:08:36] ML tree search #20, logLikelihood: -49433.948739
[00:08:43] ML tree search #21, logLikelihood: -49433.939125
[00:08:51] ML tree search #22, logLikelihood: -49433.939697
[00:09:02] ML tree search #23, logLikelihood: -49433.941317
[00:09:12] ML tree search #24, logLikelihood: -49433.946720
[00:09:20] ML tree search #25, logLikelihood: -49433.945313
[00:09:31] ML tree search #26, logLikelihood: -49433.939081
[00:09:38] ML tree search #27, logLikelihood: -49433.939074
[00:09:46] ML tree search #28, logLikelihood: -49433.940046
[00:09:54] ML tree search #29, logLikelihood: -49433.938952
[00:10:01] ML tree search #30, logLikelihood: -49433.938991
[00:10:11] ML tree search #31, logLikelihood: -49433.940690
[00:10:19] ML tree search #32, logLikelihood: -49433.940291
[00:10:26] ML tree search #33, logLikelihood: -49433.939909
[00:10:34] ML tree search #34, logLikelihood: -49433.939807
[00:10:42] ML tree search #35, logLikelihood: -49433.938912
[00:10:50] ML tree search #36, logLikelihood: -49433.940341
[00:10:56] ML tree search #37, logLikelihood: -49433.938959
[00:11:05] ML tree search #38, logLikelihood: -49433.940140
[00:11:10] ML tree search #39, logLikelihood: -49433.938930
[00:11:17] ML tree search #40, logLikelihood: -49433.938861
[00:11:23] ML tree search #41, logLikelihood: -49433.939307
[00:11:29] ML tree search #42, logLikelihood: -49433.939186
[00:11:34] ML tree search #43, logLikelihood: -49433.938977
[00:11:43] ML tree search #44, logLikelihood: -49433.939137
[00:11:48] ML tree search #45, logLikelihood: -49433.939124
[00:11:55] ML tree search #46, logLikelihood: -49433.941365
[00:12:02] ML tree search #47, logLikelihood: -49433.939023
[00:12:10] ML tree search #48, logLikelihood: -49433.938881
[00:13:13] ML tree search #49, logLikelihood: -49433.938973
[00:13:21] ML tree search #50, logLikelihood: -49433.938960

Optimized model parameters:

   Partition 0: noname
   Rate heterogeneity: GAMMA (4 cats, mean),  alpha: 0.282179 (ML),  weights&rates: (0.250000,0.003961) (0.250000,0.090725) (0.250000,0.564625) (0.250000,3.340689) 
   Base frequencies (model): 0.250000 0.250000 0.250000 0.250000 
   Substitution rates (model): 1.000000 1.000000 1.000000 1.000000 1.000000 1.000000 

Final LogLikelihood: -49433.938861

AIC score: 98943.877721 / AICc score: 98944.544838 / BIC score: 99187.375058
Free parameters (model + branch lengths): 38

All ML trees saved to: /home/dpsaroud/EEOB563/labs/4/E2.2.raxml.mlTrees
Best ML tree saved to: /home/dpsaroud/EEOB563/labs/4/E2.2.raxml.bestTree
Optimized model saved to: /home/dpsaroud/EEOB563/labs/4/E2.2.raxml.bestModel

Execution log saved to: /home/dpsaroud/EEOB563/labs/4/E2.2.raxml.log

Analysis started: 05-Mar-2019 10:41:04 / finished: 05-Mar-2019 10:54:26

Elapsed time: 802.140 seconds

