
RAxML-NG v. 0.8.0 BETA released on 11.01.2019 by The Exelixis Lab.
Authors: Alexey Kozlov, Alexandros Stamatakis, Diego Darriba, Tomas Flouri, Benoit Morel.
Latest version: https://github.com/amkozlov/raxml-ng
Questions/problems/suggestions? Please visit: https://groups.google.com/forum/#!forum/raxml

WARNING: This is a BETA release, please use at your own risk!

RAxML-NG was called at 05-Mar-2019 10:45:50 as follows:

raxml-ng --msa data/fasta.fs --model GTR+R4+FO --prefix E2.6 --threads 6 --seed 12 --tree pars{25},rand{25}

Analysis options:
  run mode: ML tree search
  start tree(s): random (25) + parsimony (25)
  random seed: 12
  tip-inner: OFF
  pattern compression: ON
  per-rate scalers: OFF
  site repeats: ON
  fast spr radius: AUTO
  spr subtree cutoff: 1.000000
  branch lengths: proportional (ML estimate, algorithm: NR-FAST)
  SIMD kernels: AVX
  parallelization: PTHREADS (6 threads), thread pinning: OFF

[00:00:11] Reading alignment from file: data/fasta.fs
[00:00:11] Loaded alignment with 20 taxa and 4482 sites

Alignment comprises 1 partitions and 2114 patterns

Partition 0: noname
Model: GTR+FO+R4
Alignment sites / patterns: 4482 / 2114
Gaps: 6.81 %
Invariant sites: 1.18 %


NOTE: Binary MSA file created: E2.6.raxml.rba

[00:00:19] Generating 25 random starting tree(s) with 20 taxa
[00:00:19] Generating 25 parsimony starting tree(s) with 20 taxa
[00:00:20] Data distribution: max. partitions/sites/weight per thread: 1 / 353 / 5648

Starting ML tree search with 50 distinct starting trees

[00:03:11] ML tree search #1, logLikelihood: -45311.474951
[00:04:29] ML tree search #2, logLikelihood: -45306.599944
[00:04:40] ML tree search #3, logLikelihood: -45311.608397
[00:04:50] ML tree search #4, logLikelihood: -45306.628512
[00:05:03] ML tree search #5, logLikelihood: -45308.344640
[00:05:15] ML tree search #6, logLikelihood: -45307.057841
[00:05:30] ML tree search #7, logLikelihood: -45306.604603
[00:05:44] ML tree search #8, logLikelihood: -45306.624931
[00:05:57] ML tree search #9, logLikelihood: -45306.797608
[00:06:08] ML tree search #10, logLikelihood: -45311.290373
[00:06:21] ML tree search #11, logLikelihood: -45308.403204
[00:06:34] ML tree search #12, logLikelihood: -45311.964754
[00:06:46] ML tree search #13, logLikelihood: -45308.372663
[00:06:59] ML tree search #14, logLikelihood: -45307.026616
[00:07:11] ML tree search #15, logLikelihood: -45307.036834
[00:07:23] ML tree search #16, logLikelihood: -45311.368777
[00:08:26] ML tree search #17, logLikelihood: -45306.699328
[00:08:38] ML tree search #18, logLikelihood: -45306.742259
[00:09:49] ML tree search #19, logLikelihood: -45307.418562
[00:10:31] ML tree search #20, logLikelihood: -45306.622563
[00:10:56] ML tree search #21, logLikelihood: -45307.035168
[00:11:29] ML tree search #22, logLikelihood: -45307.038015
[00:12:16] ML tree search #23, logLikelihood: -45307.448473
[00:13:06] ML tree search #24, logLikelihood: -45308.388806
[00:13:52] ML tree search #25, logLikelihood: -45308.340628
[00:14:49] ML tree search #26, logLikelihood: -45306.805572
[00:15:25] ML tree search #27, logLikelihood: -45306.773597
[00:16:29] ML tree search #28, logLikelihood: -45307.442605
[00:17:13] ML tree search #29, logLikelihood: -45306.778402
[00:17:50] ML tree search #30, logLikelihood: -45311.467843
[00:18:38] ML tree search #31, logLikelihood: -45307.188464
[00:19:05] ML tree search #32, logLikelihood: -45307.013857
[00:19:48] ML tree search #33, logLikelihood: -45306.858588
[00:20:34] ML tree search #34, logLikelihood: -45306.814011
[00:21:31] ML tree search #35, logLikelihood: -45307.187172
[00:22:07] ML tree search #36, logLikelihood: -45308.497739
[00:22:56] ML tree search #37, logLikelihood: -45306.800850
[00:23:28] ML tree search #38, logLikelihood: -45306.767661
[00:23:56] ML tree search #39, logLikelihood: -45308.477036
[00:24:33] ML tree search #40, logLikelihood: -45306.923756
[00:25:04] ML tree search #41, logLikelihood: -45306.722265
[00:25:28] ML tree search #42, logLikelihood: -45306.820129
[00:26:06] ML tree search #43, logLikelihood: -45306.924053
[00:26:32] ML tree search #44, logLikelihood: -45306.786427
[00:27:01] ML tree search #45, logLikelihood: -45312.129652
[00:27:28] ML tree search #46, logLikelihood: -45307.312265
[00:27:49] ML tree search #47, logLikelihood: -45306.755956
[00:28:26] ML tree search #48, logLikelihood: -45307.085403
[00:28:57] ML tree search #49, logLikelihood: -45306.904962
[00:29:40] ML tree search #50, logLikelihood: -45306.801807

Optimized model parameters:

   Partition 0: noname
   Rate heterogeneity: FREE (4 cats, mean),  weights&rates: (0.482690,0.002586) (0.091153,0.078261) (0.231540,0.380363) (0.194617,4.642702) 
   Base frequencies (ML): 0.385022 0.282307 0.074434 0.258237 
   Substitution rates (ML): 0.212453 7.140733 0.404160 0.524508 7.755989 1.000000 

Final LogLikelihood: -45306.599944

AIC score: 90715.199888 / AICc score: 90716.397179 / BIC score: 91041.998946
Free parameters (model + branch lengths): 51

All ML trees saved to: /home/dpsaroud/EEOB563/labs/4/E2.6.raxml.mlTrees
Best ML tree saved to: /home/dpsaroud/EEOB563/labs/4/E2.6.raxml.bestTree
Optimized model saved to: /home/dpsaroud/EEOB563/labs/4/E2.6.raxml.bestModel

Execution log saved to: /home/dpsaroud/EEOB563/labs/4/E2.6.raxml.log

Analysis started: 05-Mar-2019 10:45:50 / finished: 05-Mar-2019 11:15:31

Elapsed time: 1780.559 seconds

