
P A U P *
Version 4.0a (build 164) for Unix/Linux (built on Nov  1 2018 at 23:10:44)
Tue Feb 12 10:23:55 2019


paup> ougroup 1-2; set outroot=mono

Error(#152): Command "ougroup" is unrecognized.
                 If it is spelled correctly, look for problems in a previous command, such as an
                 unintentional semicolon.

paup> outgroop=1-2

Error(#152): Command "outgroop=1-2" is unrecognized.
                 If it is spelled correctly, look for problems in a previous command, such as an
                 unintentional semicolon.

paup> outgroup=1-2

Error(#152): Command "outgroup=1-2" is unrecognized.
                 If it is spelled correctly, look for problems in a previous command, such as an
                 unintentional semicolon.

paup> outgroup 1-2

Outgroup status changed:
  2 taxa transferred to outgroup
  Total number of taxa now in outgroup = 2
  Number of ingroup taxa = 18

paup> set outroot=mono

paup> bootstrap nreps=200 treefile=boot.tre search=heuristic /start=stepwise addseq=random nreps=10 swap=TBR

Bootstrap method with heuristic search:
  Number of bootstrap replicates = 200
  Starting seed = generated automatically
  Number of characters resampled in each replicate = 382
  Optimality criterion = parsimony
    Character-status summary:
      Of 382 total characters:
        All characters are of type 'unord'
        All characters have equal weight
        198 characters are constant (proportion = 0.518325)
        61 variable characters are parsimony-uninformative
        Number of parsimony-informative characters = 123
    Gaps are treated as "missing"
  Starting tree(s) obtained via stepwise addition
    Addition sequence: random
    Number of replicates = 10
    Starting seed = generated automatically
    Number of trees held at each step = 1
  Branch-swapping algorithm: tree-bisection-reconnection (TBR) with reconnection limit = 8
    Steepest descent option not in effect
  Initial 'Maxtrees' setting = 100
  Branches collapsed (creating polytomies) if maximum branch length is zero
  'MulTrees' option in effect
  No topological constraints in effect
  Trees are unrooted

  200 bootstrap replicates completed
  Time used = 11.65 sec (CPU time = 11.64 sec)

Trees for each replicate written to treefile: ~/EEOB563/labs/2/boot.tre

Bootstrap 50% majority-rule consensus tree

                                                              /------------------------------- Platypus(1)
/-------------------------------------------------------------+
|                                                             \------------------------------- Echidna(2)
|
|                                                             /------------------------------- Opossum(3)
|                                                             |
|                              /--------------99--------------+------------------------------- Wallaby(4)
|                              |                              |
|                              |                              \------------------------------- Bandicoot(5)
|                              |
|                              +-------------------------------------------------------------- Elephant(6)
|                              |
100                            +-------------------------------------------------------------- Aardvark(7)
|                              |
|                              +-------------------------------------------------------------- Tenrec(8)
|                              |
|                              +-------------------------------------------------------------- Sloth(9)
|                              |
|                              +-------------------------------------------------------------- Armadillo(10)
|                              |
|                              +-------------------------------------------------------------- Human(11)
|                              |
\------------------------------+-------------------------------------------------------------- Tree shrew(12)
                               |
                               +-------------------------------------------------------------- Rabbit(13)
                               |
                               +-------------------------------------------------------------- Mouse(14)
                               |
                               +-------------------------------------------------------------- Hedgehog(15)
                               |
                               +-------------------------------------------------------------- Flying fox(16)
                               |
                               +-------------------------------------------------------------- Cat(17)
                               |
                               +-------------------------------------------------------------- Dog(18)
                               |
                               +-------------------------------------------------------------- Pig(19)
                               |
                               \-------------------------------------------------------------- Whale(20)

Bipartitions found in one or more trees and frequency of occurrence (bootstrap support values):

         1         2
12345678901234567890          Freq        %
-------------------------------------------
..******************        200.00  100.00%
..***...............        198.86   99.43%
..**................         98.62   49.31%
...............*..*.         90.98   45.49%
.....***************         90.85   45.43%
...**...............         87.86   43.93%
...............*..**         82.58   41.29%
.......*.*..........         72.01   36.00%
..................**         67.06   33.53%
................**..         62.99   31.49%
.....*..*.*.........         54.54   27.27%
........**..........         51.73   25.86%
.....*....*.........         50.16   25.08%
........*.*.........         46.04   23.02%
........*...*.......         42.93   21.46%
........**..*.......         41.57   20.79%
...........**.......         39.23   19.62%
.....*..*...........         36.43   18.22%
.....********.******         33.88   16.94%
..*****.************         32.25   16.13%
.....**.*.*.........         28.08   14.04%
.....*..........*...         27.80   13.90%
.............**.....         26.87   13.43%
.....**...*.....**..         23.84   11.92%
.....**.........*...         23.36   11.68%
.....**...*.........         21.86   10.93%
..........*......*..         21.09   10.55%
.....**.************         20.42   10.21%
...........*..*.....         20.25   10.13%
............*...*...         18.64    9.32%
.....*........*.....         18.47    9.23%
...........*...*..*.         18.26    9.13%
..***........*......         17.06    8.53%
..*****************.         16.65    8.33%
.....**.............         15.80    7.90%
...........*...*..**         15.53    7.77%
.......*......*.....         14.38    7.19%
.......***..........         14.23    7.11%
.......*.*....*.....         14.09    7.05%
..............*..*..         14.07    7.03%
..*.*...............         13.52    6.76%
..***********.******         13.28    6.64%
........**.**.......         12.83    6.42%
..****.*************         12.76    6.38%
.............*..*...         12.57    6.28%
.....**...*.....*...         12.52    6.26%
.......***..*.......         12.22    6.11%
.....*....*...*.....         11.97    5.99%
...........*......*.         11.23    5.62%
.............*..**..         11.03    5.52%
..***..*............         10.59    5.30%
.....**...*...*.**..         10.18    5.09%
.....**...**....**..         10.18    5.09%
.............**.**..         10.08    5.04%

1130 groups at (relative) frequency less than 5% not shown

paup> savetrees file=bootMajRule.tree from=1 to=1 savebootp=nodelabels

1 tree saved to file "~/EEOB563/labs/2/bootMajRule.tree"

paup> gettrees file=boot.tre StoreTreeWts=yes mode=3

Processing TREES block from file: ~/EEOB563/labs/2/boot.tre
  Keeping: trees from file (replacing any trees already in memory)

The limit of 100 trees (= 'Maxtrees') has been reached.  Do you want to increase Maxtrees?

Do you want to increase 'Maxtrees'? (Y/n)Y

Enter new value for 'Maxtrees' (200):200

Action if limit is hit:
   (1) Prompt for new value
   (2) Automatically increase by 100 (= AUTOINC)
   (3) Leave unchanged, and don't prompt
(1)>2

  592 trees read from file

  Time used = 33.29 sec (CPU time = 0.01 sec)

paup> contree all/strict=no majrule=yes usetreewts=yes treefile=bootMajRule.tre

50% Majority-rule consensus of 592 trees (using tree weights, sum = 200)

                                                              /------------------------------- Platypus(1)
/-------------------------------------------------------------+
|                                                             \------------------------------- Echidna(2)
|
|                                                             /------------------------------- Opossum(3)
|                                                             |
|                              /--------------99--------------+------------------------------- Wallaby(4)
|                              |                              |
|                              |                              \------------------------------- Bandicoot(5)
|                              |
|                              +-------------------------------------------------------------- Elephant(6)
|                              |
100                            +-------------------------------------------------------------- Aardvark(7)
|                              |
|                              +-------------------------------------------------------------- Tenrec(8)
|                              |
|                              +-------------------------------------------------------------- Sloth(9)
|                              |
|                              +-------------------------------------------------------------- Armadillo(10)
|                              |
|                              +-------------------------------------------------------------- Human(11)
|                              |
\------------------------------+-------------------------------------------------------------- Tree shrew(12)
                               |
                               +-------------------------------------------------------------- Rabbit(13)
                               |
                               +-------------------------------------------------------------- Mouse(14)
                               |
                               +-------------------------------------------------------------- Hedgehog(15)
                               |
                               +-------------------------------------------------------------- Flying fox(16)
                               |
                               +-------------------------------------------------------------- Cat(17)
                               |
                               +-------------------------------------------------------------- Dog(18)
                               |
                               +-------------------------------------------------------------- Pig(19)
                               |
                               \-------------------------------------------------------------- Whale(20)

Bipartitions found in one or more trees and frequency of occurrence:

         1         2
12345678901234567890          Freq        %
-------------------------------------------
..******************        200.00  100.00%
..***...............        198.86   99.43%
..**................         98.62   49.31%
...............*..*.         90.98   45.49%
.....***************         90.85   45.43%
...**...............         87.86   43.93%
...............*..**         82.58   41.29%
.......*.*..........         72.01   36.00%
..................**         67.06   33.53%
................**..         62.99   31.49%
.....*..*.*.........         54.54   27.27%
........**..........         51.73   25.86%
.....*....*.........         50.16   25.08%
........*.*.........         46.04   23.02%
........*...*.......         42.93   21.46%
........**..*.......         41.57   20.79%
...........**.......         39.23   19.62%
.....*..*...........         36.43   18.22%
.....********.******         33.88   16.94%
..*****.************         32.25   16.13%
.....**.*.*.........         28.08   14.04%
.....*..........*...         27.80   13.90%
.............**.....         26.87   13.43%
.....**...*.....**..         23.84   11.92%
.....**.........*...         23.36   11.68%
.....**...*.........         21.86   10.93%
..........*......*..         21.09   10.55%
.....**.************         20.42   10.21%
...........*..*.....         20.25   10.13%
............*...*...         18.64    9.32%
.....*........*.....         18.47    9.23%
...........*...*..*.         18.26    9.13%
..***........*......         17.06    8.53%
..*****************.         16.65    8.33%
.....**.............         15.80    7.90%
...........*...*..**         15.53    7.77%
.......*......*.....         14.38    7.19%
.......***..........         14.23    7.11%
.......*.*....*.....         14.09    7.05%
..............*..*..         14.07    7.03%
..*.*...............         13.52    6.76%
..***********.******         13.28    6.64%
........**.**.......         12.83    6.42%
..****.*************         12.76    6.38%
.............*..*...         12.57    6.28%
.....**...*.....*...         12.52    6.26%
.......***..*.......         12.22    6.11%
.....*....*...*.....         11.97    5.99%
...........*......*.         11.23    5.62%
.............*..**..         11.03    5.52%
..***..*............         10.59    5.30%
.....**...*...*.**..         10.18    5.09%
.....**...**....**..         10.18    5.09%
.............**.**..         10.08    5.04%
..****..*.*.........          9.01    4.50%
.........*..*.......          8.74    4.37%
...........*.....*..          8.69    4.35%
..****..............          8.66    4.33%
.......*.*.*........          8.12    4.06%
..........*...*.....          8.03    4.02%
.........*...*......          7.50    3.75%
.....**************.          7.42    3.71%
.....**...*...*.....          7.27    3.63%
.....**.*.*.....**..          7.20    3.60%
......*...*.........          7.09    3.54%
.....******.........          7.08    3.54%
..*****.******.*****          7.00    3.50%
.....******.*.*.**..          6.80    3.40%
.........*....*.....          6.73    3.36%
.......*.*...**.....          6.63    3.31%
.....******.....**..          6.60    3.30%
.........*...**.....          6.38    3.19%
........***.........          6.35    3.17%
.....*.*************          6.34    3.17%
.....**.*****.******          6.22    3.11%
.......***.**.......          6.17    3.08%
.....**.*****..*****          6.13    3.06%
..***......*........          6.12    3.06%
...........*.**.....          6.07    3.03%
.............**..*..          6.03    3.02%
.....******.*...**..          6.00    3.00%
.......***....*.....          5.98    2.99%
......*...*......*..          5.91    2.95%
.....**...**...*****          5.56    2.78%
............*......*          5.55    2.77%
.....*..************          5.53    2.76%
........***.*.......          5.50    2.75%
..*************.**..          5.43    2.72%
.......***.**..*..**          5.40    2.70%
.....******...*.....          5.35    2.67%
.......******.******          5.33    2.67%
...........*..*..*..          5.33    2.67%
.....********.*.**..          5.26    2.63%
........*...*...*...          5.11    2.56%
..........*...*..*..          5.00    2.50%
.....********.*****.          4.92    2.46%
.....*..*.*...*.....          4.92    2.46%
.....**********.**..          4.82    2.41%
.....**...*....*****          4.79    2.39%
.....*....*.....**..          4.77    2.38%
......**.*..........          4.69    2.35%
........*...*......*          4.68    2.34%
.....******.***.**..          4.67    2.33%
.....*....*...*.**..          4.57    2.28%
..***........**.....          4.45    2.23%
.....******...*.**..          4.41    2.20%
.....*.............*          4.40    2.20%
..****....*.........          4.39    2.20%
.....**.*******.**..          4.33    2.17%
...............*.***          4.30    2.15%
......**............          4.29    2.14%
..*****.*.*.........          4.27    2.13%
.......*...*........          4.25    2.13%
..****.......*......          4.20    2.10%
..*****...*.........          4.14    2.07%
.......*.........*..          4.14    2.07%
.........*.........*          4.02    2.01%
.......*....*.......          4.00    2.00%
.....**.*****...**..          4.00    2.00%
...........**.*.....          3.98    1.99%
...........**..*....          3.75    1.88%
...........**..*..**          3.58    1.79%
.......***.**.*.....          3.58    1.79%
.....**...*......*..          3.54    1.77%
............*....*..          3.53    1.77%
..........*.....**..          3.50    1.75%
.....**.***.*...**..          3.50    1.75%
............*.*.....          3.50    1.75%
..........*..**..*..          3.49    1.75%
.....**.******.*****          3.48    1.74%
.......***.**.**..**          3.48    1.74%
...............*****          3.39    1.69%
.........*...**.**..          3.38    1.69%
.......*.*.*********          3.37    1.68%
..***********.*****.          3.37    1.68%
.....**.***...*.....          3.35    1.67%
.......*.*...**.**..          3.33    1.67%
.......*.*.**.......          3.33    1.67%
.......***.**..*....          3.33    1.67%
...........****.....          3.25    1.63%
.....**...*..**.**..          3.25    1.63%
.......***..*.*.....          3.25    1.63%
.....***..*.........          3.20    1.60%
..****....*...*.....          3.14    1.57%
........**.**..*..**          3.05    1.52%
..*****.*******.**..          3.04    1.52%
........*...*..*....          3.02    1.51%
........**.***.*****          3.01    1.50%
.......*...*...*..*.          3.00    1.50%
.....******.....*...          3.00    1.50%
..****..************          3.00    1.50%
.....*..*.*.....*...          3.00    1.50%
........**..*..*....          2.96    1.48%
...........*...*....          2.93    1.47%
..........*..**.....          2.83    1.42%
..*********.********          2.82    1.41%
........**..*...*..*          2.75    1.38%
.....**...**..*.**..          2.75    1.38%
..************.****.          2.75    1.38%
...............*.**.          2.73    1.37%
.....*.****.........          2.73    1.37%
......*.........*...          2.67    1.33%
.....***.**...*.**..          2.67    1.33%
.....******.*...*...          2.67    1.33%
..***....*...*......          2.67    1.33%
..****..******.*****          2.67    1.33%
.....******.********          2.65    1.33%
..*****...*...*.....          2.64    1.32%
..........*...*.**..          2.63    1.32%
.....***.***.******.          2.62    1.31%
.....**.*.*...*.....          2.62    1.31%
.......*.....*......          2.60    1.30%
.....*..*.*.....**..          2.60    1.30%
..****.************.          2.57    1.29%
..*****.***.***.**..          2.54    1.27%
..*****.*.*****.**..          2.50    1.25%
........*...*.*.....          2.50    1.25%
.....**.***..**.**..          2.50    1.25%
........**..*......*          2.50    1.25%
..*****.*.*.*...*...          2.50    1.25%
.....**...*.....**.*          2.48    1.24%
..*********.*...**..          2.40    1.20%
............*...*..*          2.36    1.18%
......*..*.*********          2.35    1.18%
.....**.***.........          2.33    1.17%
.....**.***.*...*...          2.33    1.17%
.....**...**********          2.33    1.17%
.....*..**..........          2.33    1.17%
.....*....*..**.**..          2.33    1.17%
.....**.*.***.******          2.29    1.14%
........**....*.....          2.28    1.14%
........**.****.....          2.25    1.13%
...............**.**          2.25    1.13%
.........*.*********          2.22    1.11%
..***...**..*.......          2.20    1.10%
...........*.***.***          2.20    1.10%
.....*.*..*.........          2.20    1.10%
............*...**..          2.20    1.10%
.....**.*.***.......          2.19    1.09%
.......*************          2.17    1.08%
.....***..*..**.**..          2.14    1.07%
..**********.*******          2.12    1.06%
.................**.          2.11    1.06%
..*********..*******          2.10    1.05%
.....*....*......*..          2.10    1.05%
.....**.***.***.**..          2.08    1.04%
........**..*...*...          2.07    1.03%
...........*..**.**.          2.03    1.02%
.......*...*..*.....          2.03    1.02%
...........*.**..*..          2.00    1.00%
.....**.*.*......*..          2.00    1.00%
.....******....*****          2.00    1.00%
.....**.*****.*.**..          2.00    1.00%
............**..**..          2.00    1.00%
.....***........*...          2.00    1.00%
........**..***.....          2.00    1.00%
.....**...*..*******          2.00    1.00%
......*.**..........          2.00    1.00%
.....*******.******.          2.00    1.00%
.......*.*.*..**..*.          2.00    1.00%
........**..**......          2.00    1.00%
.....**.*.*.....*...          2.00    1.00%
.....********.*.****          2.00    1.00%
..*****.*.*.***.**..          2.00    1.00%
.....******.*.*.*...          2.00    1.00%
.......*.*.**.*.....          2.00    1.00%
..****.......*..*...          2.00    1.00%
..****....*.....**..          2.00    1.00%
.....********...**..          2.00    1.00%
.......***...**.....          2.00    1.00%
..*****.***.***.*..*          2.00    1.00%
................*.**          2.00    1.00%
...........*..**..**          2.00    1.00%
.....*..*.*..**.**..          2.00    1.00%
..************..**..          2.00    1.00%
.........*.*........          2.00    1.00%
.............**.*...          2.00    1.00%
..*****...*.....**..          2.00    1.00%
.......*...*.....*..          2.00    1.00%
..*********.....**..          2.00    1.00%
.....**.***..*******          2.00    1.00%
.....******..**.**..          2.00    1.00%
.....******.*.*.**.*          2.00    1.00%
......**.*.*********          2.00    1.00%
......*...........*.          2.00    1.00%
......*........*..*.          2.00    1.00%
.....*.*........*...          2.00    1.00%
.....*..**..*...*...          2.00    1.00%
..*****...*..**.**..          2.00    1.00%
..*****...**.**.**..          2.00    1.00%
.......*.....**.....          1.98    0.99%
.....**...**...****.          1.97    0.98%
.....**********.**.*          1.95    0.98%
.....*..*.*........*          1.94    0.97%
..*********.***.**..          1.92    0.96%
.....*.****...*.....          1.90    0.95%
.....*.***..*...*...          1.90    0.95%
................*..*          1.89    0.94%
...........*..**.***          1.83    0.92%
.....**********.****          1.79    0.89%
..***......*..*.....          1.77    0.88%
..************.*****          1.75    0.88%
.....***.**...*.....          1.75    0.88%
.....**.***...*.**..          1.75    0.88%
........*..**..*..**          1.75    0.88%
........*..**.......          1.74    0.87%
..***.*...*...*..*..          1.72    0.86%
.....**.***.*.*.**.*          1.70    0.85%
.......*.*.***.*****          1.69    0.85%
.....**********.***.          1.67    0.83%
.......*.*.**..*..**          1.67    0.83%
.....******.*.......          1.67    0.83%
.......*...**.......          1.67    0.83%
.....*.***.**.......          1.67    0.83%
..***.*...**..*..*..          1.67    0.83%
.....**...*...*..*..          1.67    0.83%
..***********.*.**..          1.67    0.83%
.....**...**........          1.64    0.82%
.......***.***.*****          1.64    0.82%
.....***..*.....**..          1.64    0.82%
.....***.***.**.**..          1.63    0.82%
..........*..*......          1.63    0.82%
.....**...*.*...**..          1.60    0.80%
.....******.*..*****          1.60    0.80%
..***...**.**.......          1.60    0.80%
..............*.**..          1.59    0.80%
.....**...***..*****          1.59    0.79%
..*****.*******.**.*          1.58    0.79%
.....**...***.******          1.58    0.79%
.....***.**..**.**..          1.56    0.78%
.....**.***.*.*.**..          1.54    0.77%
.......*.*.*...*..*.          1.53    0.77%
............**......          1.50    0.75%
.....**......*..*...          1.50    0.75%
........**..*.*.....          1.50    0.75%
........**..*.*....*          1.50    0.75%
..*****.*****.*.**..          1.50    0.75%
..*****.***.*...**..          1.50    0.75%
.....**.***.*...**.*          1.50    0.75%
.....**.***.....**..          1.50    0.75%
..*****.*.*.**..*...          1.50    0.75%
.......****.*.*.....          1.50    0.75%
........********.***          1.50    0.75%
.......*...*.*.****.          1.50    0.75%
..***..*...*.*.****.          1.50    0.75%
.....**.***...*..*..          1.50    0.75%
......*.....*...*...          1.50    0.75%
.....**...**..******          1.50    0.75%
.............*.*....          1.50    0.75%
..***...*.*.........          1.50    0.75%
.......*.*.*..**.**.          1.50    0.75%
.......*...*..**..**          1.50    0.75%
.....***..**..******          1.50    0.75%
........**...*......          1.48    0.74%
..***.........*.....          1.47    0.73%
.....********..*****          1.45    0.73%
.......*.......*.**.          1.43    0.71%
..****..*.*...*.....          1.43    0.71%
......*...*.....**..          1.43    0.71%
.........*.**.......          1.43    0.71%
.....*....*........*          1.43    0.71%
.......***..*..*....          1.43    0.71%
.......*.*.*.**.....          1.40    0.70%
..***.....*..**..*..          1.39    0.70%
..*****.*.*...*.....          1.39    0.70%
.............*...*..          1.37    0.68%
.....*....*.....*...          1.37    0.68%
.....**.....*...*...          1.33    0.67%
............***.....          1.33    0.67%
......*...*...*..*..          1.33    0.67%
.........*....*.**..          1.33    0.67%
......*...*....*****          1.33    0.67%
..*****.............          1.33    0.67%
.......***.*........          1.33    0.67%
.......***.*..*.....          1.33    0.67%
.........*...*.....*          1.33    0.67%
.......*....*.*.....          1.33    0.67%
.........*...*....**          1.33    0.67%
..........*..**.**..          1.33    0.67%
.....**.........**..          1.33    0.67%
...........*.*******          1.33    0.67%
........*...*...*..*          1.33    0.67%
.....**.***.*...*..*          1.33    0.67%
.....**.*.*.*...*...          1.33    0.67%
.......***.**.**.***          1.33    0.67%
.....**.*.**........          1.33    0.67%
.....**...*........*          1.29    0.64%
.............*******          1.25    0.63%
..............*....*          1.25    0.63%
.....***..**....**..          1.25    0.63%
......*.***.*..*.***          1.25    0.63%
..............*...**          1.25    0.63%
.....*....**....**..          1.25    0.63%
...............**.*.          1.25    0.63%
......*.........**..          1.24    0.62%
.......*.....*.****.          1.21    0.61%
.......***.*********          1.20    0.60%
..............**..**          1.20    0.60%
........*.*........*          1.20    0.60%
........*.*.....*..*          1.20    0.60%
.....**.*.*....****.          1.20    0.60%
.......*.*...*......          1.20    0.60%
.......*.*.*..*.....          1.20    0.60%
.....*.*............          1.20    0.60%
...........*.***.**.          1.20    0.60%
..*********..*..**..          1.20    0.60%
..*****.****.*******          1.17    0.58%
..**********.**.**..          1.17    0.58%
.....**.***.**.**.**          1.17    0.58%
.......*...*...*..**          1.17    0.58%
.....**...*...*.**.*          1.14    0.57%
..*...........*.....          1.14    0.57%
..****..*****.*.....          1.14    0.57%
..****.********.**..          1.14    0.57%
.....**.*.*....*****          1.14    0.57%
...........*...*.**.          1.14    0.57%
...............*.*..          1.14    0.57%
..***..***.*********          1.14    0.57%
.....*..***...*.....          1.14    0.57%
.....**.**..*...*...          1.14    0.57%
.......*.**...*.....          1.13    0.57%
..*****.*.*.*.......          1.12    0.56%
.....***.***.**.***.          1.12    0.56%
.....*........*....*          1.11    0.56%
........**..*.*.*...          1.10    0.55%
...........**.**.***          1.08    0.54%
........**.**...*...          1.07    0.53%
.......*.*.********.          1.07    0.53%
.....******...******          1.01    0.50%
........****.**..*..          1.00    0.50%
........****.***.***          1.00    0.50%
..*****...*......*..          1.00    0.50%
..*****.*.*.*...**..          1.00    0.50%
.......*....**......          1.00    0.50%
.....**.****..******          1.00    0.50%
.....*******..*.**..          1.00    0.50%
..***...**..**......          1.00    0.50%
..***..***.***.*..*.          1.00    0.50%
..***..***.***.****.          1.00    0.50%
..***.********.****.          1.00    0.50%
...........**..**.*.          1.00    0.50%
...***....*.........          1.00    0.50%
..****....*...*.**..          1.00    0.50%
..****....*..**.**..          1.00    0.50%
.......*...*..**.***          1.00    0.50%
.........*.*****..**          1.00    0.50%
.....**...*.***.**..          1.00    0.50%
.....**...*.********          1.00    0.50%
.......*...*.*.*..*.          1.00    0.50%
......*...*.*...**..          1.00    0.50%
......*...*.*...**.*          1.00    0.50%
......*..**.*...**.*          1.00    0.50%
.....*********.*****          1.00    0.50%
..***.......**......          1.00    0.50%
..*****..**..*...*..          1.00    0.50%
..*****.***.**..**..          1.00    0.50%
..*****.***.**.*****          1.00    0.50%
.....*..*******.**..          1.00    0.50%
........**..**..*..*          1.00    0.50%
........**..**.**.**          1.00    0.50%
.............*.....*          1.00    0.50%
...........***.....*          1.00    0.50%
.....******...*****.          1.00    0.50%
...........*.***..*.          1.00    0.50%
........*.*.*...**.*          1.00    0.50%
.......*.*.....*..*.          1.00    0.50%
.....**......*......          1.00    0.50%
.....******.*.*.....          1.00    0.50%
.....******.*.**..**          1.00    0.50%
...........*......**          1.00    0.50%
............*.*..*..          1.00    0.50%
............**..*...          1.00    0.50%
..***.......**..*...          1.00    0.50%
..*****.*.*.***.*...          1.00    0.50%
..*****.*.**********          1.00    0.50%
.....*..*****.......          1.00    0.50%
.....**.*****.......          1.00    0.50%
.....**.*****..****.          1.00    0.50%
........**.*****..**          1.00    0.50%
.....*...**...*.....          1.00    0.50%
..***...*..**.......          1.00    0.50%
..*****.*****.*.....          1.00    0.50%
..*****.*****.*****.          1.00    0.50%
.....**.*.*.....****          1.00    0.50%
.....**...**.**.**..          1.00    0.50%
.................***          1.00    0.50%
........*****.......          1.00    0.50%
........*****.*.....          1.00    0.50%
........*****.**.***          1.00    0.50%
........*...*.*.**.*          1.00    0.50%
.....***.**.........          1.00    0.50%
..***......*.*.*..**          1.00    0.50%
..***...**.***.*..**          1.00    0.50%
..***...**.***.*****          1.00    0.50%
........**..***....*          1.00    0.50%
..****..*****..*****          1.00    0.50%
..*****...*...*.**..          1.00    0.50%
.......*.*.*.***..**          1.00    0.50%
.....***.***********          1.00    0.50%
..***...*...........          1.00    0.50%
.........*..*...*..*          1.00    0.50%
.....**.***.*.*.*..*          1.00    0.50%
..*****.*******.*..*          1.00    0.50%
.....**..**.........          1.00    0.50%
..******.***.*.****.          1.00    0.50%
..******.***.*.*****          1.00    0.50%
........**.***......          1.00    0.50%
........**.***.*..**          1.00    0.50%
.......***.***.*..**          1.00    0.50%
.......*.*.*......*.          1.00    0.50%
........*.*...*.....          1.00    0.50%
........*.*.*.*.....          1.00    0.50%
........*.*.*.*..*..          1.00    0.50%
.....**.*.*.***.**..          1.00    0.50%
.....**.*.*.******..          1.00    0.50%
............*..*****          1.00    0.50%
.......*.*..********          1.00    0.50%
.....*.****.********          1.00    0.50%
.......*.*.......*..          1.00    0.50%
.......*.*......****          1.00    0.50%
.....**.*.***.**....          1.00    0.50%
.....**.*****.*..*..          1.00    0.50%
.....**.*****.**.*..          1.00    0.50%
.....**.*****.**.**.          1.00    0.50%
.....**.*****.**.***          1.00    0.50%
.....*.****...*....*          1.00    0.50%
.....*.*****..**.***          1.00    0.50%
..........**..**.***          1.00    0.50%
........*****....*..          1.00    0.50%
..*****......*..*...          1.00    0.50%
..*****.***.**..*...          1.00    0.50%
..*********.**..*...          1.00    0.50%
..*****.*.*.....*...          1.00    0.50%
..*********..**.*...          1.00    0.50%
............*.******          1.00    0.50%
......**........**..          1.00    0.50%
.......*.*....*...*.          1.00    0.50%
.......*.*.*..*...*.          1.00    0.50%
..****.*****..*...*.          1.00    0.50%
..****.*****..**..*.          1.00    0.50%
.....**.*.*..**.**..          1.00    0.50%
.....**.*.*..*******          1.00    0.50%
.......****.*...**..          1.00    0.50%
.....**.*.*.*.......          1.00    0.50%
...........**.**..**          1.00    0.50%
..........***.**.***          1.00    0.50%
......*...***.**.***          1.00    0.50%
.....**...***.**.***          1.00    0.50%
..*****...*.....*...          1.00    0.50%
.............*.*..**          1.00    0.50%
.......*...**.*.....          1.00    0.50%
.......*...*****..**          1.00    0.50%
.......*...*****.***          1.00    0.50%
.......*...*********          1.00    0.50%
.....*.*..**********          1.00    0.50%
.....***..**********          1.00    0.50%
.....*.***..........          1.00    0.50%
.....**.***..**.**.*          1.00    0.50%
.......*.*.*.*******          1.00    0.50%
.....*.***.*********          1.00    0.50%
......**.*.*..*.....          1.00    0.50%
......**.*.*..*...*.          1.00    0.50%
......**.*.*..**..*.          1.00    0.50%
.....*..*.*......*..          1.00    0.50%
.....*..*.*.*...**..          1.00    0.50%
.....*..*.*.*...**.*          1.00    0.50%
...........*.*.*..*.          1.00    0.50%
.......*...*.....**.          1.00    0.50%
.......*...*...*.**.          1.00    0.50%
.....*.......**....*          1.00    0.50%
..***...*.*.*.......          1.00    0.50%
..***...***.*.......          1.00    0.50%
..***.*.***.*...*...          1.00    0.50%
.....*..**.........*          1.00    0.50%
.......*....*...*...          1.00    0.50%
..***.*...*.........          1.00    0.50%
..***.**..***.*.**..          1.00    0.50%
..***.**..***.*****.          1.00    0.50%
.....**...*..*..**..          1.00    0.50%
.....**...*..*.****.          1.00    0.50%
..***..*...*........          1.00    0.50%
..***..*...*..*.....          1.00    0.50%
..***..***.**.*.....          1.00    0.50%
.............*.*.*..          1.00    0.50%
........**.**...*..*          1.00    0.50%
......*.**.***.*****          1.00    0.50%
..****..*.*.*.......          1.00    0.50%
.....*.......**.....          1.00    0.50%
.....*.......**.*...          1.00    0.50%
.....*.***.****.*...          1.00    0.50%
.....*.********.**..          1.00    0.50%
.....**.***.**.*****          1.00    0.50%
...........**.*....*          1.00    0.50%
.....******..*..**..          1.00    0.50%
.....******..*.****.          1.00    0.50%
.....**...***.......          1.00    0.50%
.....**...***....*..          1.00    0.50%
.....**...***...**..          1.00    0.50%
.....********..****.          1.00    0.50%
...........*.*......          1.00    0.50%
..*********..******.          1.00    0.50%
.........*.***.*..**          1.00    0.50%
.........*.***.*****          1.00    0.50%
......*..*.***.*****          1.00    0.50%
..****.....*..*.....          1.00    0.50%
..............**.*..          1.00    0.50%
.....**.*.*.....*..*          1.00    0.50%
.....**.*.*.....*.**          1.00    0.50%
.....**.*.*...******          1.00    0.50%
..****........*.....          1.00    0.50%
.......***.*..**..**          1.00    0.50%
.......***.*.***..**          1.00    0.50%
.......***.*.*******          1.00    0.50%
.....*******.*******          1.00    0.50%
.......***..*..*..*.          1.00    0.50%
.....***..*...*.....          1.00    0.50%
.....***..*...*.**..          1.00    0.50%
........*..*........          1.00    0.50%
........**.*........          1.00    0.50%
........**.**....*..          1.00    0.50%
........**.**..*.**.          1.00    0.50%
.......***.**.**.**.          1.00    0.50%
..****.***.*********          1.00    0.50%
........*...*.*.*...          1.00    0.50%
........*...*.*.**..          1.00    0.50%
.....**...**...*..**          1.00    0.50%
............*..*....          1.00    0.50%
.....*.*...........*          1.00    0.50%
.....*.*........*..*          1.00    0.50%
.....*.*...*...**.**          1.00    0.50%
..***...**..***.....          1.00    0.50%
..***.*.***.***..*..          1.00    0.50%
.......***..*.*.*...          1.00    0.50%
..*****......*......          1.00    0.50%
..*****...*..*......          1.00    0.50%
..*****...*..*...*..          1.00    0.50%
..*****...**.*...*..          1.00    0.50%
..***..............*          1.00    0.50%
..*****.***..**.**.*          1.00    0.50%
......*.**..*.......          1.00    0.50%
......*.***.*.......          1.00    0.50%
......*.***.*....*..          1.00    0.50%
.....*.....*........          1.00    0.50%
.....*.....*....*...          1.00    0.50%
...........*...****.          1.00    0.50%
.....*....**...****.          1.00    0.50%
..***..***..**......          1.00    0.50%
..*****...*..*..**..          1.00    0.50%
..***...*..**...*...          1.00    0.50%
..***...*..**..**...          1.00    0.50%
..***...*..**..****.          1.00    0.50%
..***...**.**..*..**          1.00    0.50%
..***...**.*********          1.00    0.50%
..***..***.**.......          1.00    0.50%
..***..***.**..*..**          1.00    0.50%
..***..*.*..........          1.00    0.50%
..**********.**.****          1.00    0.50%
.....*..***.***.**..          1.00    0.50%
..***.*......*......          1.00    0.50%
..***.*......*..*...          1.00    0.50%
..******..*..*..*...          1.00    0.50%
..************..*...          1.00    0.50%
.......****.*.......          1.00    0.50%
.......****.*.**....          1.00    0.50%
.......******.**....          1.00    0.50%
.......******.**..**          1.00    0.50%
......*..*..*...*...          1.00    0.50%
......**.*.**...**..          1.00    0.50%
..***********.****..          1.00    0.50%
.......*.**...*.**..          1.00    0.50%
.....********.**.***          1.00    0.50%
.....*.***.**...*...          1.00    0.50%
.....*....*..*******          1.00    0.50%
.....*....**.....*..          1.00    0.50%
.....**.***.**..*..*          1.00    0.50%
......*.......*.....          1.00    0.50%
.....*..*.***.......          1.00    0.50%
.....*..*.***....*..          1.00    0.50%
..****.*******.*****          1.00    0.50%
.....*..*.*....*****          1.00    0.50%
.....*.****....*****          1.00    0.50%
..***......****.....          1.00    0.50%
.......**...*.......          1.00    0.50%
..***********..****.          1.00    0.50%
..***********..*****          1.00    0.50%
.........*..*...*...          1.00    0.50%
.....**...*...*.*...          1.00    0.50%
.......*...*...*.***          1.00    0.50%
.....*.......*..*...          0.97    0.49%
........**.........*          0.95    0.48%
..*********.*******.          0.95    0.48%
......*..*..........          0.95    0.48%
.....*..........*..*          0.92    0.46%
.......*...*.*******          0.88    0.44%
..*****.***..**.**..          0.88    0.44%
..*****.*.**.**.**..          0.83    0.42%
.......****.........          0.83    0.42%
.......****...*.....          0.83    0.42%
.......*...*..**.**.          0.83    0.42%
.....*.***..*.......          0.83    0.42%
......*******.******          0.80    0.40%
.....**.*.**....**..          0.80    0.40%
...........**..*..*.          0.80    0.40%
........**.***.*.***          0.80    0.40%
.....*..*.*.*...*..*          0.80    0.40%
.....*..*.*.*..**..*          0.80    0.40%
..*********....*****          0.80    0.40%
.....**...*....***.*          0.79    0.39%
......*...*...*.**..          0.76    0.38%
.......***.**..*..*.          0.76    0.38%
..***...**.****.....          0.75    0.38%
..****....*...*.*...          0.75    0.38%
.....*....*.***.**..          0.75    0.38%
.....***..**..*.****          0.75    0.38%
.....**...*..*.*****          0.75    0.38%
.....*..**..*...*..*          0.75    0.38%
.....*..**.**..**.**          0.75    0.38%
.....**.*****.****..          0.75    0.38%
..........**.....*..          0.75    0.38%
.........*.*.*......          0.75    0.38%
..*****.*****.*.**.*          0.75    0.38%
..****.*******.****.          0.75    0.38%
...........*********          0.75    0.38%
.....***.***..*****.          0.73    0.37%
..*****...**********          0.73    0.36%
.....*.***.***.**.**          0.72    0.36%
.............*.*.**.          0.72    0.36%
.......*........**..          0.71    0.36%
.......*.......****.          0.71    0.36%
..***..*...***.****.          0.71    0.36%
........**.**..*....          0.71    0.36%
............*..*..**          0.71    0.36%
......*.....*..*..**          0.71    0.36%
.....**...*....***..          0.69    0.35%
..***......*...*..*.          0.69    0.34%
.....********.*.....          0.68    0.34%
..*****.***.********          0.68    0.34%
.....**...**.....*..          0.67    0.33%
..*****...*...*.**.*          0.67    0.33%
.......*.**...*..*..          0.67    0.33%
...............***..          0.67    0.33%
.....*..**.**.......          0.67    0.33%
.....*..**.****.....          0.67    0.33%
.......***.*...*..*.          0.67    0.33%
..*****...*.***.**..          0.67    0.33%
.....**.***..**.*...          0.67    0.33%
........************          0.67    0.33%
..***.....*...*.....          0.67    0.33%
..***...***.*.*.....          0.67    0.33%
..***...***.***.....          0.67    0.33%
.....********..*..**          0.67    0.33%
.......***.*...*..**          0.67    0.33%
.....**.***.**..*...          0.67    0.33%
.....**.***.**.**..*          0.67    0.33%
.......***.***.**.**          0.67    0.33%
......**************          0.67    0.33%
...........**....*..          0.67    0.33%
..*********.*...*...          0.67    0.33%
.....*.****..**.....          0.67    0.33%
.....******..**.****          0.67    0.33%
.....******..*******          0.67    0.33%
.......*.*..***.**..          0.67    0.33%
..***.....**..*..*..          0.67    0.33%
..*****...**..*..*..          0.67    0.33%
..******.***..*..*..          0.67    0.33%
..***********.*.**.*          0.67    0.33%
.....***..*...*****.          0.62    0.31%
.......***.*****..**          0.62    0.31%
.....**...*.*...**.*          0.60    0.30%
.....******.*...**.*          0.60    0.30%
.....*.************.          0.60    0.30%
..***...**.**..*....          0.60    0.30%
..***...**.**..*..*.          0.60    0.30%
..***...**.***.****.          0.60    0.30%
.....*..***.**.**..*          0.60    0.30%
..*********.........          0.60    0.30%
........**...**.....          0.59    0.29%
........**.*********          0.58    0.29%
.......*.*.**..*.***          0.57    0.29%
.....**..***...*****          0.56    0.28%
..*********..**.**..          0.53    0.27%
......*....*........          0.51    0.26%
.......*.....**.**..          0.50    0.25%
...........***......          0.50    0.25%
.......*****..*..*..          0.50    0.25%
.......*****..**.**.          0.50    0.25%
.......******.**.***          0.50    0.25%
.......*.*.*..**.***          0.50    0.25%
.......*.*.**.**.***          0.50    0.25%
.......*.*.**.******          0.50    0.25%
.....**...**.*******          0.50    0.25%
.....**...*....****.          0.50    0.25%
.....***..**.*.****.          0.50    0.25%
.....***.***...*****          0.50    0.25%
...........*...*.***          0.50    0.25%
..*****.***.*...*...          0.50    0.25%
.....**.***.*..**...          0.50    0.25%
.....**.***.*..**.**          0.50    0.25%
.....******.*****.**          0.50    0.25%
.....**.*.***.*.**..          0.50    0.25%
.....**...*...******          0.50    0.25%
.....**.***..**.....          0.50    0.25%
.....*..*****.******          0.50    0.25%
.......**...........          0.50    0.25%
.......**.....*.....          0.50    0.25%
..........**.**..*..          0.50    0.25%
.......***.....*..**          0.50    0.25%
.......*****.***.***          0.50    0.25%
.......*********.***          0.50    0.25%
.....*****..*...*...          0.50    0.25%
..........**.***.***          0.50    0.25%
........**..*..*..**          0.50    0.25%
.......***..*.**..**          0.50    0.25%
.....***..**..*.**..          0.50    0.25%
..************.***..          0.50    0.25%
.....**.*****.*****.          0.50    0.25%
.......*.*.**.**....          0.50    0.25%
.......*.*.**.**..**          0.50    0.25%
.......*.*.**.*...**          0.50    0.25%
.......*.*.*****..**          0.50    0.25%
.....*..*.***...**..          0.50    0.25%
.....*..*.***..*****          0.50    0.25%
......*........*..**          0.50    0.25%
......*........*.***          0.50    0.25%
.....**......*.*****          0.50    0.25%
.....**.*.*..**.**.*          0.50    0.25%
.....*.***.**..**.**          0.50    0.25%
.....*.**...........          0.50    0.25%
.....*.***.**..*..**          0.50    0.25%
........**.***.***.*          0.50    0.25%
........**.**...*.**          0.50    0.25%
.......*.*.*..**....          0.50    0.25%
.....**.***.*..*****          0.50    0.25%
.....*.........*..**          0.50    0.25%
.....**........*..**          0.50    0.25%
.....**..*...*******          0.50    0.25%
.....**..*.*********          0.50    0.25%
............***.**..          0.50    0.25%
..*****.*.**........          0.50    0.25%
.........*..*......*          0.50    0.25%
.......*.......*..*.          0.50    0.25%
..***..*...*.******.          0.50    0.25%
..***..*.*.*********          0.50    0.25%
.............**....*          0.50    0.25%
.......*......**..*.          0.50    0.25%
..***..*.*...**.....          0.50    0.25%
.......*.....*.*.**.          0.50    0.25%
.......***..**.*****          0.50    0.25%
..****....**..*.....          0.50    0.25%
..*****...**..*.....          0.50    0.25%
......*.***.*...*...          0.50    0.25%
..****.*...*..*..*..          0.50    0.25%
..****.*...*..**.**.          0.50    0.25%
.......*.*.*..*..*..          0.50    0.25%
..*****.***.*.*.**.*          0.50    0.25%
..*****.*****.******          0.50    0.25%
.......*...**..*..**          0.50    0.25%
.........**..**.**..          0.50    0.25%
.........**..**.**.*          0.50    0.25%
.........**.******.*          0.50    0.25%
.......*...*......*.          0.50    0.25%
.......*.***********          0.50    0.25%
......**.***********          0.50    0.25%
..****..*...........          0.50    0.25%
.....***..**..**.***          0.50    0.25%
.....****.***.******          0.50    0.25%
..***..***.****.....          0.50    0.25%
.......*.......*.*..          0.50    0.25%
.....**...*.....*..*          0.50    0.25%
.....***..*....*****          0.50    0.25%
.....**.***......*..          0.50    0.25%
.......*.*.*.*..**..          0.50    0.25%
.......*.*.*.*..***.          0.50    0.25%
.......***.***.****.          0.50    0.25%
..****....*...*....*          0.50    0.25%
.............*..****          0.50    0.25%
.......*.*...*..****          0.50    0.25%
.......*.*.*.*..****          0.50    0.25%
..*****...**.*******          0.50    0.25%
...............*...*          0.48    0.24%
...............****.          0.48    0.24%
.............*.*.***          0.47    0.23%
.....******..******.          0.45    0.23%
............*...*.**          0.44    0.22%
.......***..*...*...          0.44    0.22%
.....*..***.*...*...          0.43    0.22%
.......*.*....*.**..          0.43    0.21%
..***.*...*..**.**..          0.43    0.21%
.....******...**.**.          0.43    0.21%
.....*******..**.**.          0.43    0.21%
.......*..*......*..          0.43    0.21%
..*****.*.***.******          0.43    0.21%
.....********.****..          0.43    0.21%
.......*...*.*.*****          0.43    0.21%
...........***.*****          0.42    0.21%
.....**...***..**.**          0.42    0.21%
.....**...***...*...          0.42    0.21%
..*****...*..**.*...          0.42    0.21%
.....**.*.**...****.          0.40    0.20%
.......*.*.****.**..          0.40    0.20%
.......*.*.****.***.          0.40    0.20%
.....**.*.***...**..          0.40    0.20%
...........*.*.*.**.          0.40    0.20%
...........*.*.*.***          0.40    0.20%
.....*.****.***.**..          0.40    0.20%
.....*.***.**..**.*.          0.40    0.20%
.....*.....*...**.*.          0.40    0.20%
..*********....***..          0.40    0.20%
..*********....****.          0.40    0.20%
..***........*...*..          0.40    0.20%
..***........*..**..          0.40    0.20%
..*****...*..*..**.*          0.40    0.20%
..*****...*..*.*****          0.40    0.20%
.....*..**********.*          0.40    0.20%
.......*..*...*.....          0.40    0.20%
...........**..*.**.          0.40    0.20%
............*...**.*          0.40    0.20%
..*****...*..**.**.*          0.40    0.20%
..***..***.*****..**          0.39    0.20%
........**.**.*.....          0.38    0.19%
......*.**.*********          0.38    0.19%
.......*...*.**.****          0.38    0.19%
.......*......*...*.          0.38    0.19%
..**********.******.          0.37    0.18%
.....***.**...*.*...          0.33    0.17%
.....***.***..*.**..          0.33    0.17%
.....******...****..          0.33    0.17%
...........***.*....          0.33    0.17%
...........***.*..**          0.33    0.17%
......*..*....*.**..          0.33    0.17%
.....*.**.*.........          0.33    0.17%
.........*.***......          0.33    0.17%
.....*..******......          0.33    0.17%
.....**.******......          0.33    0.17%
..........*....***..          0.33    0.17%
......*...*....***..          0.33    0.17%
.....********.***.*.          0.33    0.17%
...........**..****.          0.33    0.17%
.....******...*..*..          0.33    0.17%
.....******.******..          0.33    0.17%
...........*.**...*.          0.33    0.17%
.......***.*..**..*.          0.33    0.17%
..*****...*.**..**..          0.33    0.17%
.......***.....*..*.          0.33    0.17%
.....**.***.********          0.33    0.17%
..***......*..*..*..          0.33    0.17%
..*****.*.**..*..*..          0.33    0.17%
......****..*.*.*...          0.33    0.17%
.....*....**...*.***          0.33    0.17%
.....*..*****.*.**..          0.33    0.17%
..........**........          0.33    0.17%
..........**....**..          0.33    0.17%
.....***..***.*.**..          0.33    0.17%
.....***..***.******          0.33    0.17%
.......**..**.**....          0.33    0.17%
.....**...*..**.***.          0.33    0.17%
..........*...*.*...          0.33    0.17%
.....**............*          0.33    0.17%
.....**.***.***.**.*          0.33    0.17%
..*****.***.***.**.*          0.33    0.17%
..*****.***.***.....          0.33    0.17%
.....**...**...*.*..          0.33    0.17%
...........***.****.          0.33    0.17%
.......*.*.*...*..**          0.33    0.17%
.....********.*.**.*          0.33    0.17%
.....******.*.******          0.33    0.17%
.....*.******.******          0.33    0.17%
.....**.....*...*..*          0.33    0.17%
........***..*......          0.33    0.17%
.....*..*.**........          0.33    0.17%
.....*..****........          0.33    0.17%
.....*..****.*..**..          0.33    0.17%
.....*..****.*.*****          0.33    0.17%
.....*.*****.*******          0.33    0.17%
........*..**.*..*..          0.33    0.17%
.......***.**.*..*..          0.33    0.17%
........*..**.*.....          0.33    0.17%
..*****.*.**....*...          0.33    0.17%
..**********.**.*...          0.33    0.17%
.....*..******.*****          0.33    0.17%
..***....*...*.*..**          0.33    0.17%
......*......**.....          0.33    0.17%
......**.*.*****..**          0.33    0.17%
.....*****.*********          0.33    0.17%
..***..***..........          0.33    0.17%
......*..*...**.**..          0.33    0.17%
.....*..***..**.**..          0.33    0.17%
.....***..*.....*...          0.33    0.17%
..***********..**.*.          0.33    0.17%
..........***.......          0.33    0.17%
..***..****..**.....          0.33    0.17%
..******..**.*******          0.33    0.17%
..*****.*.**.*******          0.33    0.17%
.....*....*.....**.*          0.33    0.17%
.......*.*.**..*****          0.33    0.17%
.......*.*...**.*...          0.33    0.17%
..*****...*...*..*..          0.33    0.17%
..*********.*.*.**..          0.33    0.17%
........**......*..*          0.33    0.17%
.....**.**..*...*..*          0.33    0.17%
.......*.*....**..*.          0.33    0.17%
.....*.*....*...*...          0.33    0.17%
.....*.***......*...          0.33    0.17%
......*.************          0.32    0.16%
.....******.***.**.*          0.32    0.16%
.......*.*....*..*..          0.29    0.14%
..***..***.***.*****          0.29    0.14%
.......*...***.****.          0.29    0.14%
..***..*.....*.****.          0.29    0.14%
........**.**..*..*.          0.29    0.14%
.....*..*..........*          0.29    0.14%
..*****.*.*..**.**.*          0.29    0.14%
.....**...*......*.*          0.29    0.14%
..***......*......*.          0.29    0.14%
..***.**...*...*..*.          0.29    0.14%
..***.**...*.*.*..*.          0.29    0.14%
..***.**...*.*.*.**.          0.29    0.14%
..***.**...*.*.****.          0.29    0.14%
.....*.*..*......*..          0.29    0.14%
.......*.......*..**          0.29    0.14%
......*.....*......*          0.29    0.14%
.....*.****...*.*...          0.29    0.14%
.....*.****...*****.          0.29    0.14%
.....*.*****..*****.          0.29    0.14%
.....*..*.*...*.**..          0.29    0.14%
......*....**..*..**          0.29    0.14%
..****..*.*...*.**..          0.29    0.14%
........*..**..*....          0.29    0.14%
.........*....*....*          0.27    0.13%
......*....***.****.          0.27    0.13%
...........*.**.**..          0.25    0.13%
.......*...*.**.**..          0.25    0.13%
.......*.....*******          0.25    0.13%
.......***..********          0.25    0.13%
.....*..***.*.......          0.25    0.13%
.......*.......*....          0.25    0.13%
.......*...*...*....          0.25    0.13%
...........**......*          0.25    0.13%
.........*.****....*          0.25    0.13%
.........*.*****.***          0.25    0.13%
.........*.*****....          0.25    0.13%
.........*...**...**          0.25    0.13%
..........*.**..**..          0.25    0.13%
.....*......***.**..          0.25    0.13%
.....******...**..**          0.25    0.13%
.....******...**.***          0.25    0.13%
.....*******..**.***          0.25    0.13%
.....********.**..**          0.25    0.13%
...........*.**.*...          0.25    0.13%
........***.*....*..          0.25    0.13%
......*...*....*.***          0.25    0.13%
.....**.***..*.*****          0.25    0.13%
........***...*.....          0.25    0.13%
.....*....*..**.**.*          0.25    0.13%
.....*....**.*******          0.25    0.13%
...........*.*..**..          0.25    0.13%
.....**.***.*.......          0.25    0.13%
.......*......*****.          0.25    0.13%
..*****.*.*....****.          0.25    0.13%
......****..**.*****          0.25    0.13%
......****.***.*****          0.25    0.13%
........**..**.*****          0.25    0.13%
........**..*...**.*          0.25    0.13%
.....********...*...          0.25    0.13%
..***.....*..**.....          0.25    0.13%
.....*....*....***..          0.25    0.13%
.....*....*....*****          0.25    0.13%
.....*....**..*****.          0.25    0.13%
..***.****..**......          0.25    0.13%
.........*........**          0.25    0.13%
.........*.....*..**          0.25    0.13%
.........*.**..*..**          0.25    0.13%
.....**.*.*...*..*..          0.25    0.13%
.....**.*.*...*.**..          0.25    0.13%
...........*****.**.          0.25    0.13%
........**.****.*.**          0.25    0.13%
........**.****.****          0.25    0.13%
.....**...**...*.***          0.22    0.11%
.....**...***...****          0.22    0.11%
.....*..*...**..*...          0.22    0.11%
.....*.***.***..*...          0.22    0.11%
.....*.***.***..*.*.          0.22    0.11%
.....*.***.***.**.*.          0.22    0.11%
.............*.****.          0.21    0.10%
..*************.**.*          0.20    0.10%
......*.***.....*..*          0.20    0.10%
......*.***.*...*..*          0.20    0.10%
......*.***.*...**.*          0.20    0.10%
......*******.*.**.*          0.20    0.10%
.....**.****.*..**..          0.20    0.10%
.....**.****.*.****.          0.20    0.10%
.....****.**..*****.          0.20    0.10%
.....*******.**.**..          0.20    0.10%
.....****.*...*****.          0.20    0.10%
.........*.**.**.***          0.20    0.10%
.....**.*.****.****.          0.20    0.10%
.........*.**.*.....          0.20    0.10%
.....*..***.*.*.**..          0.20    0.10%
..............*.*...          0.20    0.10%
.......*.*.*.*......          0.20    0.10%
.......*.*.***..**..          0.20    0.10%
.......*.*.***..***.          0.20    0.10%
.......*.*.***.****.          0.20    0.10%
...........****.**..          0.20    0.10%
...........****.***.          0.20    0.10%
...........********.          0.20    0.10%
..*********...*.....          0.20    0.10%
..**********..*.....          0.20    0.10%
..**********..**....          0.20    0.10%
..**********..**..*.          0.20    0.10%
.....*..*..**.......          0.20    0.10%
..***........*.*..**          0.20    0.10%
........**.*****.***          0.20    0.10%
..******..*.........          0.20    0.10%
.....***............          0.20    0.10%
.....****.*.........          0.20    0.10%
.....*.*.*.*...**.*.          0.20    0.10%
.......****.***.....          0.20    0.10%
.......****.***..*..          0.20    0.10%
.....*..........**..          0.20    0.10%
..*********.**..**..          0.20    0.10%
..*****...*..*..****          0.20    0.10%
.........*..**..*..*          0.20    0.10%
.....*..***.**.**.**          0.20    0.10%
.........*.*.**..*..          0.20    0.10%
...........*..*..**.          0.20    0.10%
........**..*.***.**          0.17    0.08%
.......*.*..*.......          0.17    0.08%
.........*...*.*..**          0.17    0.08%
.....********..**.**          0.17    0.08%
.....**...***.*.**..          0.17    0.08%
........**.****.*..*          0.17    0.08%
......**.*....*.....          0.14    0.07%
...........**.*.**..          0.14    0.07%
..****..*****.*.**..          0.14    0.07%
..****.******.*.**..          0.14    0.07%
..****.********.***.          0.14    0.07%
..***......**.......          0.14    0.07%
..***........*.****.          0.14    0.07%
..***......***.****.          0.14    0.07%
.....*..***...*....*          0.14    0.07%
.........*.**..*..*.          0.14    0.07%
..*****.*.*..*******          0.14    0.07%
.....*..*.*......*.*          0.14    0.07%
.....**.*.*......*.*          0.14    0.07%
.....**.*.*.....**.*          0.14    0.07%
.....**.*.*....***.*          0.14    0.07%
.....***..***..*****          0.14    0.07%
..***...**...**.....          0.14    0.07%
.....*..***.........          0.14    0.07%
...........**..*****          0.14    0.07%
............**..*..*          0.14    0.07%
............**..**.*          0.14    0.07%
............**.***.*          0.14    0.07%
............**.*****          0.14    0.07%
..***......***.*****          0.14    0.07%
..****....**********          0.14    0.07%
.......****.*....*..          0.14    0.07%
.....***..*......*..          0.14    0.07%
......*.**..*...*...          0.14    0.07%
.....*.*..*.....**..          0.14    0.07%
.....*.****.*...**..          0.14    0.07%
..*****.**..*...*...          0.14    0.07%
.......*...........*          0.14    0.07%
.....**.*.*.*.******          0.14    0.07%
..*****.*.*.*.**..**          0.14    0.07%
..*****.*.***.**..**          0.14    0.07%
..****..*.**..*.**..          0.14    0.07%
.....**.*.*********.          0.13    0.07%
.....**.***********.          0.13    0.07%
...........***..*...          0.13    0.07%
........**.**.**.***          0.13    0.07%
.............*.*****          0.13    0.07%
......*......*.*****          0.13    0.07%
.....**...**...***..          0.13    0.07%
.........*...*******          0.12    0.06%
..*****.*.***.......          0.12    0.06%
..***....*....*.....          0.12    0.06%
..***....*...**.....          0.12    0.06%
..***....*...**.**..          0.12    0.06%
.......*...*.**.***.          0.12    0.06%
.......*...*.******.          0.12    0.06%
.......*......*...**          0.12    0.06%
.......*......**....          0.12    0.06%
.........*.*.*..**..          0.12    0.06%
.....**..***.*..**..          0.12    0.06%
.....**...**...*.**.          0.11    0.06%
..*********.*.*.**.*          0.11    0.06%
.......***.**..**.*.          0.11    0.06%
.....**...*...*....*          0.11    0.06%
.....**...*...*..*.*          0.11    0.06%
..*****...*...*..*.*          0.11    0.06%
.....*.***..**..*...          0.11    0.06%
.....*..*..***..*...          0.11    0.06%
.........*......*...          0.10    0.05%
.....*...**.....*...          0.10    0.05%
.....*...**.....**..          0.10    0.05%
.....*...**...*.**..          0.10    0.05%
.....**..**...*.**..          0.10    0.05%
.....**..**...*.**.*          0.10    0.05%
.....**..**...******          0.10    0.05%
.....*..***.*...**..          0.10    0.05%
.....**.***.*.*.....          0.10    0.05%
.....**...*.*...*...          0.08    0.04%
.....********..**.*.          0.08    0.04%
.....**...***.*.***.          0.08    0.04%
.....********.*.***.          0.08    0.04%
.....**...***.*****.          0.08    0.04%
..*******.**.*******          0.08    0.04%
........**.****...*.          0.08    0.04%
........**.****.*...          0.08    0.04%
......*..*.**.**.***          0.07    0.03%
......*......*..*...          0.07    0.03%
.....**.*.**********          0.07    0.03%
.....**.******.****.          0.07    0.03%
.............*...**.          0.07    0.03%
...........**...*...          0.07    0.03%
........*..**...*...          0.07    0.03%
................**.*          0.07    0.03%
.....**.*.*.*...**.*          0.07    0.03%
.......*.*....*****.          0.07    0.03%
........*...***....*          0.07    0.03%
.....***.***...****.          0.07    0.03%
.....**...**.*..**..          0.07    0.03%

Consensus tree(s) written to treefile: ~/EEOB563/labs/2/bootMajRule.tre

paup> log stop quit

Error(#143): Keyword "quit" is not recognized.
                 If the keyword is valid for the current command and it is spelled correctly, look for
                 problems in a previous command, such as a missing semicolon.

paup> log stop
