
P A U P *
Version 4.0a (build 164) for Unix/Linux (built on Nov  1 2018 at 23:10:44)
Wed Feb 20 21:34:41 2019


paup> exec cob_aligned.nxs 

Processing of file "~/EEOB563/assignments/3/cob_aligned.nxs" begins...

FASTA file "~/EEOB563/assignments/3/cob_aligned.fa"
  (imported Wed Feb 20 21:01:01 2019)

Data read in nucleotide format

Data matrix has 20 taxa, 1098 characters
Valid character-state symbols: ACGT
Missing data identified by '?'
Gaps identified by '-'
"Equate" macros in effect:
   R,r ==> {AG}
   Y,y ==> {CT}
   M,m ==> {AC}
   K,k ==> {GT}
   S,s ==> {CG}
   W,w ==> {AT}
   H,h ==> {ACT}
   B,b ==> {CGT}
   V,v ==> {ACG}
   D,d ==> {AGT}
   N,n ==> {ACGT}

Processing of input file "cob_aligned.nxs" completed.

paup> hsearch nreps=1 swap=NO; describe/plot=p

Heuristic search settings:
  Optimality criterion = parsimony
    Character-status summary:
      Of 1098 total characters:
        All characters are of type 'unord'
        All characters have equal weight
        452 characters are constant (proportion = 0.411658)
        106 variable characters are parsimony-uninformative
        Number of parsimony-informative characters = 540
    Gaps are treated as "missing"
  Starting tree(s) obtained via stepwise addition
    Addition sequence: simple (reference taxon = Platypus)
    Number of trees held at each step = 1
  Branch-swapping algorithm: none
  Branches collapsed (creating polytomies) if maximum branch length is zero
  No topological constraints in effect
  Trees are unrooted

Heuristic search completed
  Total number of rearrangements tried = 0
  Score of best tree(s) found = 3252
  Number of trees retained = 1
  Time used = 0.00 sec (CPU time = 0.00 sec)

Tree description:

  Unrooted tree(s) rooted using outgroup method

  Note: No outgroup has been defined; tree is (arbitrarily) rooted at first taxon.
  Optimality criterion = parsimony
    Character-status summary:
      Of 1098 total characters:
        All characters are of type 'unord'
        All characters have equal weight
        452 characters are constant (proportion = 0.411658)
        106 variable characters are parsimony-uninformative
        Number of parsimony-informative characters = 540
    Gaps are treated as "missing"
    Character-state optimization: Accelerated transformation (ACCTRAN)

Tree 1 (rooted using default outgroup)

Tree length = 3252
Consistency index (CI) = 0.3509
Homoplasy index (HI) = 0.6491
CI excluding uninformative characters = 0.3238
HI excluding uninformative characters = 0.6762
Retention index (RI) = 0.2562
Rescaled consistency index (RC) = 0.0899

/------------------------- Platypus
|
|     /--------------------- Echidna
|     |
|     |                                            /-------------------------- Opossum
|     |                                /----------21
|     |                                |           \---------------------- Bandicoot
|     |                  /------------22
|     |                  |             \------------------- Wallaby
|     |                  |
\----38                  |                                                               /--------------------------- Elephant
      |                  |                                                               |
      |                  |                                               /--------------24                /-------------------------------- Tenrec
      |                  |                                               |               \---------------23
      |                  |                                   /----------25                                \--------------------------------- Hedgehog
      |                  |                                   |           |
      |                  |                         /--------26           \----------------------- Rabbit
      |                  |                         |         |
      \-----------------37                /-------28         \------------------- Aardvark
                         |                |        |
                         |                |        |      /----------------------------- Tree shrew
                         |                |        \-----27
                         |        /------31               \------------------------- Dog
                         |        |       |
                         |        |       |                    /------------------------------ Sloth
                         |        |       |         /---------29
                         |        |       |         |          \----------------------- Armadillo
                         |        |       \--------30
                         |        |                 \---------------------- Mouse
                         \-------36
                                  |                             /---------------------------------- Human
                                  |                 /----------32
                                  |                 |           \---------------------- Cat
                                  |        /-------33
                                  |        |        \------------------- Flying fox
                                  \-------35
                                           |        /------------------ Pig
                                           \-------34
                                                    \-------------------------- Whale

paup> cleartrees

All trees have been cleared from memory.

paup> hsearch nreps=1 swap=NNI; describe/plot=p; cleartrees

Heuristic search settings:
  Optimality criterion = parsimony
    Character-status summary:
      Of 1098 total characters:
        All characters are of type 'unord'
        All characters have equal weight
        452 characters are constant (proportion = 0.411658)
        106 variable characters are parsimony-uninformative
        Number of parsimony-informative characters = 540
    Gaps are treated as "missing"
  Starting tree(s) obtained via stepwise addition
    Addition sequence: simple (reference taxon = Platypus)
    Number of trees held at each step = 1
  Branch-swapping algorithm: nearest-neighbor interchange (NNI)
    Steepest descent option not in effect
  Initial 'Maxtrees' setting = 100
  Branches collapsed (creating polytomies) if maximum branch length is zero
  'MulTrees' option in effect
  No topological constraints in effect
  Trees are unrooted

Heuristic search completed
  Total number of rearrangements tried = 148
  Score of best tree(s) found = 3240
  Number of trees retained = 2
  Time used = 0.00 sec (CPU time = 0.00 sec)

Tree description:

  Unrooted tree(s) rooted using outgroup method

  Note: No outgroup has been defined; tree is (arbitrarily) rooted at first taxon.
  Optimality criterion = parsimony
    Character-status summary:
      Of 1098 total characters:
        All characters are of type 'unord'
        All characters have equal weight
        452 characters are constant (proportion = 0.411658)
        106 variable characters are parsimony-uninformative
        Number of parsimony-informative characters = 540
    Gaps are treated as "missing"
    Character-state optimization: Accelerated transformation (ACCTRAN)

Tree 1 (rooted using default outgroup)

Tree length = 3240
Consistency index (CI) = 0.3522
Homoplasy index (HI) = 0.6478
CI excluding uninformative characters = 0.3251
HI excluding uninformative characters = 0.6749
Retention index (RI) = 0.2604
Rescaled consistency index (RC) = 0.0917

/------------------------------ Platypus
|
|      /----------------------- Echidna
|      |
|      |                                                  /------------------------------ Opossum
|      |                                      /----------21
|      |                                      |           \-------------------------- Bandicoot
|      |                     /---------------22
|      |                     |                \---------------------- Wallaby
|      |                     |
\-----38                     |                                                  /----------------------------- Elephant
       |                     |                                                  |
       |                     |                                    /------------24                   /------------------------------------ Tenrec
       |                     |                                    |             \------------------23
       |                     |                         /---------26                                 \--------------------------------------- Hedgehog
       |                     |                         |          |
       |                     |                         |          |        /-------------------------- Aardvark
       |                     |                         |          \-------25
       \--------------------37                         |                   \--------------------------------- Rabbit
                             |                         |
                             |                  /-----31                              /------------------------------------ Sloth
                             |                  |      |                  /----------27
                             |                  |      |                  |           \-------------------------- Armadillo
                             |                  |      |       /---------28
                             |                  |      |       |          \-------------------------- Mouse
                             |          /------33      \------30
                             |          |       |              |          /------------------------------- Tree shrew
                             |          |       |              \---------29
                             |          |       |                         \------------------------------- Dog
                             |          |       |
                             \---------36       |          /-------------------------------------- Human
                                        |       \---------32
                                        |                  \-------------------------- Cat
                                        |
                                        |         /------------------------- Flying fox
                                        |         |
                                        \--------35           /---------------------- Pig
                                                  \----------34
                                                              \----------------------------- Whale

All trees have been cleared from memory.

paup> hsearch nreps=1 swap=SPR; describe/plot=p; cleartrees

Heuristic search settings:
  Optimality criterion = parsimony
    Character-status summary:
      Of 1098 total characters:
        All characters are of type 'unord'
        All characters have equal weight
        452 characters are constant (proportion = 0.411658)
        106 variable characters are parsimony-uninformative
        Number of parsimony-informative characters = 540
    Gaps are treated as "missing"
  Starting tree(s) obtained via stepwise addition
    Addition sequence: simple (reference taxon = Platypus)
    Number of trees held at each step = 1
  Branch-swapping algorithm: subtree-pruning-regrafting (SPR) with reconnection limit = 8
    Steepest descent option not in effect
  Initial 'Maxtrees' setting = 100
  Branches collapsed (creating polytomies) if maximum branch length is zero
  'MulTrees' option in effect
  No topological constraints in effect
  Trees are unrooted

Heuristic search completed
  Total number of rearrangements tried = 1992
  Score of best tree(s) found = 3226
  Number of trees retained = 1
  Time used = 0.01 sec (CPU time = 0.01 sec)

Tree description:

  Unrooted tree(s) rooted using outgroup method

  Note: No outgroup has been defined; tree is (arbitrarily) rooted at first taxon.
  Optimality criterion = parsimony
    Character-status summary:
      Of 1098 total characters:
        All characters are of type 'unord'
        All characters have equal weight
        452 characters are constant (proportion = 0.411658)
        106 variable characters are parsimony-uninformative
        Number of parsimony-informative characters = 540
    Gaps are treated as "missing"
    Character-state optimization: Accelerated transformation (ACCTRAN)

Tree 1 (rooted using default outgroup)

Tree length = 3226
Consistency index (CI) = 0.3537
Homoplasy index (HI) = 0.6463
CI excluding uninformative characters = 0.3266
HI excluding uninformative characters = 0.6734
Retention index (RI) = 0.2653
Rescaled consistency index (RC) = 0.0938

/-------------------------- Platypus
|
|     /---------------------- Echidna
|     |
|     |                                            /--------------------------- Opossum
|     |                                 /---------21
|     |                                 |          \------------------------ Bandicoot
|     |                    /-----------22
|     |                    |            \---------------------- Wallaby
|     |                    |
\----38                    |                                                         /---------------------------- Elephant
      |                    |                                                         |
      |                    |                                        /---------------24                 /-------------------------------- Tenrec
      |                    |                                        |                \----------------23
      |                    |                             /---------25                                  \------------------------------------ Hedgehog
      |                    |                             |          |
      |                    |                   /--------26          \-------------------- Aardvark
      |                    |                   |         |
      \-------------------37                   |         \-------------------------- Rabbit
                           |                   |
                           |                   |                        /-------------------------------- Sloth
                           |                   |               /-------27
                           |       /----------35               |        \------------------------ Armadillo
                           |       |           |       /------29
                           |       |           |       |       |       /---------------------------- Tree shrew
                           |       |           |       |       \------28
                           |       |           |       |               \----------------------------- Dog
                           |       |           \------34
                           |       |                   |               /---------------------------------- Human
                           |       |                   |      /-------30
                           \------36                   |      |        \------------------------- Cat
                                   |                   \-----33
                                   |                          |        /---------------------- Flying fox
                                   |                          |        |
                                   |                          \-------32          /------------------- Pig
                                   |                                   \---------31
                                   |                                              \---------------------------- Whale
                                   |
                                   \------------------------- Mouse

All trees have been cleared from memory.

paup> hsearch nreps=1 swap=TBR; describe/plot=p; cleartrees

Heuristic search settings:
  Optimality criterion = parsimony
    Character-status summary:
      Of 1098 total characters:
        All characters are of type 'unord'
        All characters have equal weight
        452 characters are constant (proportion = 0.411658)
        106 variable characters are parsimony-uninformative
        Number of parsimony-informative characters = 540
    Gaps are treated as "missing"
  Starting tree(s) obtained via stepwise addition
    Addition sequence: simple (reference taxon = Platypus)
    Number of trees held at each step = 1
  Branch-swapping algorithm: tree-bisection-reconnection (TBR) with reconnection limit = 8
    Steepest descent option not in effect
  Initial 'Maxtrees' setting = 100
  Branches collapsed (creating polytomies) if maximum branch length is zero
  'MulTrees' option in effect
  No topological constraints in effect
  Trees are unrooted

Heuristic search completed
  Total number of rearrangements tried = 5271
  Score of best tree(s) found = 3226
  Number of trees retained = 1
  Time used = 0.00 sec (CPU time = 0.00 sec)

Tree description:

  Unrooted tree(s) rooted using outgroup method

  Note: No outgroup has been defined; tree is (arbitrarily) rooted at first taxon.
  Optimality criterion = parsimony
    Character-status summary:
      Of 1098 total characters:
        All characters are of type 'unord'
        All characters have equal weight
        452 characters are constant (proportion = 0.411658)
        106 variable characters are parsimony-uninformative
        Number of parsimony-informative characters = 540
    Gaps are treated as "missing"
    Character-state optimization: Accelerated transformation (ACCTRAN)

Tree 1 (rooted using default outgroup)

Tree length = 3226
Consistency index (CI) = 0.3537
Homoplasy index (HI) = 0.6463
CI excluding uninformative characters = 0.3266
HI excluding uninformative characters = 0.6734
Retention index (RI) = 0.2653
Rescaled consistency index (RC) = 0.0938

/-------------------------- Platypus
|
|     /---------------------- Echidna
|     |
|     |                                            /--------------------------- Opossum
|     |                                 /---------21
|     |                                 |          \------------------------ Bandicoot
|     |                    /-----------22
|     |                    |            \---------------------- Wallaby
|     |                    |
\----38                    |                                                         /---------------------------- Elephant
      |                    |                                                         |
      |                    |                                        /---------------24                 /-------------------------------- Tenrec
      |                    |                                        |                \----------------23
      |                    |                             /---------25                                  \------------------------------------ Hedgehog
      |                    |                             |          |
      |                    |                   /--------26          \-------------------- Aardvark
      |                    |                   |         |
      \-------------------37                   |         \-------------------------- Rabbit
                           |                   |
                           |                   |                        /-------------------------------- Sloth
                           |                   |               /-------27
                           |       /----------35               |        \------------------------ Armadillo
                           |       |           |       /------29
                           |       |           |       |       |       /---------------------------- Tree shrew
                           |       |           |       |       \------28
                           |       |           |       |               \----------------------------- Dog
                           |       |           \------34
                           |       |                   |               /---------------------------------- Human
                           |       |                   |      /-------30
                           \------36                   |      |        \------------------------- Cat
                                   |                   \-----33
                                   |                          |        /---------------------- Flying fox
                                   |                          |        |
                                   |                          \-------32          /------------------- Pig
                                   |                                   \---------31
                                   |                                              \---------------------------- Whale
                                   |
                                   \------------------------- Mouse

All trees have been cleared from memory.

paup> hsearch nreps=100 addseq=random swap=TBR; describe/plot=p; cleartrees

Heuristic search settings:
  Optimality criterion = parsimony
    Character-status summary:
      Of 1098 total characters:
        All characters are of type 'unord'
        All characters have equal weight
        452 characters are constant (proportion = 0.411658)
        106 variable characters are parsimony-uninformative
        Number of parsimony-informative characters = 540
    Gaps are treated as "missing"
  Starting tree(s) obtained via stepwise addition
    Addition sequence: random
    Number of replicates = 100
    Starting seed = generated automatically
    Number of trees held at each step = 1
  Branch-swapping algorithm: tree-bisection-reconnection (TBR) with reconnection limit = 8
    Steepest descent option not in effect
  Initial 'Maxtrees' setting = 100
  Branches collapsed (creating polytomies) if maximum branch length is zero
  'MulTrees' option in effect
  No topological constraints in effect
  Trees are unrooted

Heuristic search completed
  Total number of rearrangements tried = 687173
  Score of best tree(s) found = 3224
  Number of trees retained = 1
  Time used = 0.46 sec (CPU time = 0.46 sec)

Tree-island profile:
                     First      Last                        First    Times
Island      Size      tree      tree           Score    replicate      hit
--------------------------------------------------------------------------
     1         1         1         1            3224            4      15
     2         1         -         -            3226            7       8*
     3         2         -         -            3226            3      10*
     4         1         -         -            3227            8       3*
     5         1         -         -            3228           17       5*
     6         1         -         -            3229            9      10*
     7         1         -         -            3230           10       5*
     8         3         -         -            3230           93       1
     9         1         -         -            3231            2       4*
    10         1         -         -            3232           20       3*
    11         1         -         -            3233           12       3*
    12         2         -         -            3233           79       1
    13         1         -         -            3234           31       1
    14         1         -         -            3235           22      11*
    15         5         -         -            3235           71       1
    16         1         -         -            3236           27       4*
    17         2         -         -            3236           37       2*
    18         1         -         -            3237           19       2*
    19         3         -         -            3237           14       3*
    20         2         -         -            3238           26       2*
    21         1         -         -            3239           40       4*
    22         1         -         -            3240            1       1
    23         1         -         -            3244           83       1

Note(s):
    * Multiple hits on islands of unsaved trees may in fact represent different islands

Tree description:

  Unrooted tree(s) rooted using outgroup method

  Note: No outgroup has been defined; tree is (arbitrarily) rooted at first taxon.
  Optimality criterion = parsimony
    Character-status summary:
      Of 1098 total characters:
        All characters are of type 'unord'
        All characters have equal weight
        452 characters are constant (proportion = 0.411658)
        106 variable characters are parsimony-uninformative
        Number of parsimony-informative characters = 540
    Gaps are treated as "missing"
    Character-state optimization: Accelerated transformation (ACCTRAN)

Tree 1 (rooted using default outgroup)

Tree length = 3224
Consistency index (CI) = 0.3539
Homoplasy index (HI) = 0.6461
CI excluding uninformative characters = 0.3268
HI excluding uninformative characters = 0.6732
Retention index (RI) = 0.2660
Rescaled consistency index (RC) = 0.0942

/----------------------- Platypus
|
|     /-------------------- Echidna
|     |
|     |                                        /------------------------- Opossum
|     |                              /--------21
|     |                              |         \----------------------- Bandicoot
|     |                  /----------22
|     |                  |           \-------------------- Wallaby
|     |                  |
|     |                  |                                                               /-------------------------- Elephant
\----38                  |                                                               |
      |                  |                                                    /---------24                /------------------------------- Tenrec
      |                  |                                                    |          \---------------23
      |                  |                                         /---------26                           \--------------------------------- Hedgehog
      |                  |                                         |          |
      |                  |                                         |          |      /---------------------- Aardvark
      |                  |                                         |          \-----25
      |                  |                                   /----29                 \--------------------------- Rabbit
      |                  |                                   |     |
      |                  |                                   |     |                 /-------------------------------- Human
      \-----------------37                                   |     |       /--------27
                         |                                   |     |       |         \----------------------- Cat
                         |                           /------32     \------28
                         |                           |       |             \--------------------- Dog
                         |                           |       |
                         |                           |       |        /--------------------- Flying fox
                         |                           |       |        |
                         |                  /-------34       \-------31        /------------------ Pig
                         |                  |        |                \-------30
                         |                  |        |                         \------------------------- Whale
                         |                  |        |
                         |        /--------35        |         /---------------------------- Sloth
                         |        |         |        \--------33
                         |        |         |                  \----------------------- Armadillo
                         \-------36         |
                                  |         \-------------------------- Tree shrew
                                  |
                                  \--------------------- Mouse

All trees have been cleared from memory.

paup> q
